9cd5d01b-0df3-4c76-837e-dabb28091a41 Thu, 03 Nov 2016 02:36:16 GMT   GET   /    1.680
0d2ff5a0-47b1-477c-9f09-1821636edc19 Thu, 03 Nov 2016 02:36:16 GMT   GET   /favicon.ico    0.797
3431e31d-85e7-49f7-a35d-5dc0d4267be7 Thu, 03 Nov 2016 02:36:21 GMT   GET   /    0.349
5ec5fe57-55d3-4afd-8317-1c7b9c172847 Thu, 03 Nov 2016 02:36:21 GMT   GET   /favicon.ico    2.127
a6b8b0d9-c9e4-4154-8eda-cf8fc8b9d955 Thu, 03 Nov 2016 02:41:33 GMT   GET   /    12.320
64a16984-d0f6-4e03-b680-4f6ab2b81b3e Thu, 03 Nov 2016 02:41:33 GMT   GET   /favicon.ico    2.958
4c3f61ae-e391-47c7-a7ac-d6794d7c23ab Thu, 03 Nov 2016 02:51:20 GMT   GET   /    17.318
8d9e8203-3939-4e89-b69a-2443aa42ad88 Thu, 03 Nov 2016 02:51:20 GMT   GET   /favicon.ico    4.202
8ea790dc-848c-4c6b-8802-6da3d63f5490 Thu, 03 Nov 2016 02:56:27 GMT   GET   /    28.804
9d573987-fbaf-44e3-9907-7ff5bf49c2b5 Thu, 03 Nov 2016 02:56:28 GMT   GET   /favicon.ico    3.530
15e57f0e-bba0-4bef-8bf6-e200161b7eba Thu, 03 Nov 2016 02:56:44 GMT   GET   /    13.871
b05f201c-e118-4fdb-916e-52e2df2727fc Thu, 03 Nov 2016 02:56:45 GMT   GET   /favicon.ico    2.925
eb97a273-87b3-494c-a43d-7dc3019dd120 Thu, 03 Nov 2016 02:57:43 GMT   GET   /    4.226
1724a062-06f2-4e67-b313-6c7981a3eaaa Thu, 03 Nov 2016 02:57:43 GMT   GET   /public/app/app.js    0.829
7702f861-2998-4339-afd4-dfbbb1e51a7d Thu, 03 Nov 2016 02:57:43 GMT   GET   /favicon.ico    5.846
383a2684-6448-4aa5-9129-e9482f99d893 Thu, 03 Nov 2016 03:11:35 GMT   GET   /    12.087
90c75c8f-fe5e-4804-b202-f3e1504494b4 Thu, 03 Nov 2016 03:11:35 GMT   GET   /public/app/app.js    3.011
d6495ebb-71aa-4585-9d82-b87405337ce4 Thu, 03 Nov 2016 03:11:36 GMT   GET   /favicon.ico    0.945
577009e3-f330-4519-bb60-8815fd877a02 Thu, 03 Nov 2016 03:12:54 GMT   GET   /    1.099
bce52d2d-60f0-463a-b2e3-12328672657d Thu, 03 Nov 2016 03:12:54 GMT   GET   /public/vendor/angular/angular.js    1.055
0f0b17d4-5fe4-4783-ab0c-bd7b05353bfd Thu, 03 Nov 2016 03:12:54 GMT   GET   /public/app/app.js    1.332
bbd5a1b2-96ae-4705-879a-19c9202d86e1 Thu, 03 Nov 2016 03:12:54 GMT   GET   /favicon.ico    1.010
20da9c3b-8ae3-4364-b566-00e280abb6a8 Thu, 03 Nov 2016 03:13:05 GMT   GET   /    13.335
55febf8a-4652-4440-ba6b-6c05f228e149 Thu, 03 Nov 2016 03:13:05 GMT   GET   /public/vendor/angular/angular.js    3.632
8ba34764-402d-4a98-8840-5530f4e2885f Thu, 03 Nov 2016 03:13:05 GMT   GET   /public/app/app.js    0.696
5bca73bd-1393-4c37-9ed4-4eb845a96e47 Thu, 03 Nov 2016 03:13:05 GMT   GET   /favicon.ico    0.909
