7601ed64-c9cc-4849-9852-e3d3c78e2028 Sat, 05 Nov 2016 18:51:19 GMT   GET   /    17.919
1e70f075-08f4-4916-924a-56a97a945180 Sat, 05 Nov 2016 18:51:20 GMT   GET   /vendor/jquery/jquery.js    8.490
da13ccc8-9d02-408d-b823-38d27439b9be Sat, 05 Nov 2016 18:51:20 GMT   GET   /vendor/angular/angular.js    22.505
3d8d4d24-434a-4505-946f-5612e87b5ca1 Sat, 05 Nov 2016 18:51:20 GMT   GET   /vendor/angular-resource/angular-resource.js    2.449
fdda9509-72f9-4d89-a4dd-cdea88359cd6 Sat, 05 Nov 2016 18:51:20 GMT   GET   /vendor/angular-route/angular-route.js    5.007
cb1a59da-a99a-4df9-a274-ee1b0290ee3e Sat, 05 Nov 2016 18:51:20 GMT   GET   /app/app.js    3.605
5b70a473-a3d6-41b8-90bc-bf2f79f7849e Sat, 05 Nov 2016 18:51:21 GMT   GET   /favicon.ico    4.582
d07b14c4-e8f5-4fbb-9f01-130c35eb6a0e Sat, 05 Nov 2016 18:52:40 GMT   GET   /app/app.js    10.420
1ec78516-1f63-4bf9-bc1c-f76ef6b26f1b Sat, 05 Nov 2016 18:52:40 GMT   GET   /vendor/jquery/jquery.js    33.299
093aea95-3b6e-4f79-bcda-4cf75f7ce9e9 Sat, 05 Nov 2016 18:52:40 GMT   GET   /vendor/angular/angular.js    6.705
44fa3aa2-000e-4d95-92df-0a21a7275252 Sat, 05 Nov 2016 18:52:41 GMT   GET   /vendor/angular-resource/angular-resource.js    4.525
fdc734af-5ba0-4848-b683-87991abf182c Sat, 05 Nov 2016 18:52:41 GMT   GET   /vendor/angular-route/angular-route.js    1.227
5d88cfc6-3a63-46e9-bb64-78a20c74acdb Sat, 05 Nov 2016 18:52:41 GMT   GET   /app/app.js    1.508
416f3772-505a-4976-af8c-3c66a2d41c79 Sat, 05 Nov 2016 18:52:42 GMT   GET   /favicon.ico    0.910
5a7a790d-a144-47df-9221-20fd4e3846b4 Sat, 05 Nov 2016 18:52:53 GMT   GET   /    1.428
35f170fa-5166-4bf4-b73a-1f20786d349b Sat, 05 Nov 2016 18:52:53 GMT   GET   /vendor/jquery/jquery.js    3.084
ac09e038-a9e0-44e0-aa58-119b66183dfa Sat, 05 Nov 2016 18:52:53 GMT   GET   /vendor/angular/angular.js    2.066
1165656c-8943-44e1-96f6-6662afb876b3 Sat, 05 Nov 2016 18:52:53 GMT   GET   /vendor/angular-resource/angular-resource.js    2.932
bccb71c7-637e-4398-824f-212db172ae0e Sat, 05 Nov 2016 18:52:53 GMT   GET   /vendor/angular-route/angular-route.js    2.328
1156e9a1-beec-4e25-bd2e-a45c64e44368 Sat, 05 Nov 2016 18:52:53 GMT   GET   /app/app.js    1.776
9f8de8f0-99d5-4c30-90ca-55ca7d420f8d Sat, 05 Nov 2016 18:52:54 GMT   GET   /favicon.ico    2.567
15cd5252-7f16-4bac-87ba-c103dc48c164 Sat, 05 Nov 2016 18:54:19 GMT   GET   /    6.863
944f5d4c-d9ea-4eb1-855d-c7046c7fe32b Sat, 05 Nov 2016 18:54:20 GMT   GET   /vendor/jquery/jquery.js    1.525
792d0de4-5546-47a5-b7d0-0c150b67386f Sat, 05 Nov 2016 18:54:20 GMT   GET   /vendor/angular/angular.js    1.793
f35f4074-5e6b-4285-b158-8363aac49f0b Sat, 05 Nov 2016 18:54:20 GMT   GET   /vendor/angular-resource/angular-resource.js    1.237
660d4506-fed4-4ae1-872c-f5d701a8bba2 Sat, 05 Nov 2016 18:54:20 GMT   GET   /vendor/angular-route/angular-route.js    1.203
ee0d72ba-d68d-4569-9b8f-91e34e17004f Sat, 05 Nov 2016 18:54:20 GMT   GET   /app/app.js    3.215
c3bbc391-2e5a-4915-b8e1-ca93c1142585 Sat, 05 Nov 2016 18:54:20 GMT   GET   /favicon.ico    18.630
00c18ca1-daa0-4142-977f-b5510306fdcd Sat, 05 Nov 2016 18:55:30 GMT   GET   /    21.392
e292a0a1-9260-45df-bc51-20469041f520 Sat, 05 Nov 2016 18:55:30 GMT   GET   /vendor/jquery/jquery.js    8.724
e77098f1-bf05-4517-af02-a00b3a14f1f6 Sat, 05 Nov 2016 18:55:30 GMT   GET   /vendor/angular/angular.js    0.860
4d037659-99b4-4052-b7a0-e5223950ba48 Sat, 05 Nov 2016 18:55:30 GMT   GET   /vendor/angular-resource/angular-resource.js    0.196
196440cc-915a-42d9-97d7-132149ee0cc5 Sat, 05 Nov 2016 18:55:30 GMT   GET   /vendor/angular-route/angular-route.js    0.324
c05caab8-cc55-410b-99bd-043984562191 Sat, 05 Nov 2016 18:55:30 GMT   GET   /app/app.js    0.141
28baf4f0-1a54-4b27-9ff8-eaf321521224 Sat, 05 Nov 2016 18:55:31 GMT   GET   /favicon.ico    0.177
05593bff-78a1-4803-b06c-41aa92ec8a40 Sat, 05 Nov 2016 18:57:37 GMT   GET   /    21.027
07b90a17-c4cc-4e07-ab26-44bd4db8944c Sat, 05 Nov 2016 18:57:37 GMT   GET   /vendor/jquery/jquery.js    2.201
4cfe7769-7fe9-43f4-b715-8da9efc0971b Sat, 05 Nov 2016 18:58:46 GMT   GET   /    13.456
ee86322c-8bcd-46dc-9c9a-1e8384b644a3 Sat, 05 Nov 2016 18:58:46 GMT   GET   /vendor/jquery/jquery.js    6.614
f3c6d62c-c5ac-44f3-8aac-466f42ebdcde Sat, 05 Nov 2016 19:00:04 GMT   GET   /    14.745
a49fb164-41a9-4873-b493-d0047142356b Sat, 05 Nov 2016 19:00:04 GMT   GET   /vendor/jquery/jquery.js    5.190
4535e509-9206-48f2-931b-6ee4ec8dd2d2 Sat, 05 Nov 2016 19:00:31 GMT   GET   /    37.478
4aeea045-938a-4782-bf1e-599c834dd885 Sat, 05 Nov 2016 19:00:31 GMT   GET   /vendor/jquery/jquery.js    2.165
0a94e12f-4ad6-4596-8348-7c218bd602b6 Sat, 05 Nov 2016 19:01:04 GMT   GET   /    11.328
08557f28-ba7e-40c1-b743-28efc0ea1c7e Sat, 05 Nov 2016 19:01:04 GMT   GET   /vendor/jquery/jquery.js    1.038
1e443d76-3113-45ae-8b20-1694a6171d5d Sat, 05 Nov 2016 19:01:05 GMT   GET   /    2.609
51da55d4-a28f-478a-83c3-70f69abc6f76 Sat, 05 Nov 2016 19:01:05 GMT   GET   /vendor/jquery/jquery.js    0.227
eedb97ce-17dd-4112-8794-af4ea62360f0 Sat, 05 Nov 2016 19:01:06 GMT   GET   /    1.457
10ec9d85-c275-421c-b887-1f2359bb0298 Sat, 05 Nov 2016 19:01:06 GMT   GET   /vendor/jquery/jquery.js    0.226
ddba4c57-58f1-4181-8bd0-6b0e3d846d09 Sat, 05 Nov 2016 19:01:07 GMT   GET   /    3.047
f190a3e3-356a-4db7-a05a-f19a728daa93 Sat, 05 Nov 2016 19:01:07 GMT   GET   /vendor/jquery/jquery.js    0.181
fccbff43-346a-4a25-a2cc-0cab4433ea15 Sat, 05 Nov 2016 19:01:08 GMT   GET   /    0.818
15506cf8-7286-4507-8e4c-f42218bcf065 Sat, 05 Nov 2016 19:01:08 GMT   GET   /vendor/jquery/jquery.js    0.247
8b0b25fc-e927-460e-8699-48cb23c461a2 Sat, 05 Nov 2016 19:01:09 GMT   GET   /    1.025
803fa167-69f5-4ef3-a3ed-498b2a0aef46 Sat, 05 Nov 2016 19:01:09 GMT   GET   /vendor/jquery/jquery.js    0.264
012fd706-e8c1-49b4-b8ae-9882ade420f5 Sat, 05 Nov 2016 19:01:10 GMT   GET   /    4.760
c33f5c55-1215-410f-ac74-ade8fd2a982a Sat, 05 Nov 2016 19:01:10 GMT   GET   /vendor/jquery/jquery.js    0.380
c4ea787f-a6da-44f6-949a-f728f38eae0e Sat, 05 Nov 2016 19:01:10 GMT   GET   /    1.326
fcc4c9ae-37c7-42ab-9015-0c3c021345d6 Sat, 05 Nov 2016 19:01:10 GMT   GET   /vendor/jquery/jquery.js    0.517
352f55d5-27f4-43c8-a3e1-22397a955609 Sat, 05 Nov 2016 19:01:11 GMT   GET   /    2.901
d7dceb51-4f33-44a8-a021-33728a22b1e6 Sat, 05 Nov 2016 19:01:11 GMT   GET   /vendor/jquery/jquery.js    0.217
4d1603d6-11d4-4e4b-92d0-b87b977f3307 Sat, 05 Nov 2016 19:01:12 GMT   GET   /    6.010
cd4c56df-81c7-4ec1-b1ad-b6be936860a5 Sat, 05 Nov 2016 19:01:12 GMT   GET   /vendor/jquery/jquery.js    0.188
9e4b250a-593d-412d-8655-9ee00df04199 Sat, 05 Nov 2016 19:01:13 GMT   GET   /    2.618
c27c1fa3-770a-46f9-8d10-d22c673e6811 Sat, 05 Nov 2016 19:01:13 GMT   GET   /vendor/jquery/jquery.js    0.163
1af0e7bc-f3db-4cfc-a338-2611724c079e Sat, 05 Nov 2016 19:01:14 GMT   GET   /    2.323
d96bf0d1-d619-4a00-9bf1-6287206bf716 Sat, 05 Nov 2016 19:01:14 GMT   GET   /vendor/jquery/jquery.js    0.204
f8d5c4af-859b-462c-a48d-b0499ac3ba78 Sat, 05 Nov 2016 19:01:15 GMT   GET   /    1.275
cb775eaf-938f-4c27-8882-0b0ca090e4a3 Sat, 05 Nov 2016 19:01:15 GMT   GET   /vendor/jquery/jquery.js    0.884
cca22e35-c55f-4544-b183-0ec061abcd28 Sat, 05 Nov 2016 19:01:16 GMT   GET   /    1.811
cc67586c-9457-4b6d-9abe-c655788a041e Sat, 05 Nov 2016 19:01:16 GMT   GET   /vendor/jquery/jquery.js    0.188
a7d72c01-fc6e-4772-8ef9-2fdb30830ef4 Sat, 05 Nov 2016 19:01:17 GMT   GET   /    1.289
0af75a94-ec19-4606-ba98-17e877a297ea Sat, 05 Nov 2016 19:01:17 GMT   GET   /vendor/jquery/jquery.js    0.175
c6a6e34a-b446-4643-a606-b0b8ae8b2016 Sat, 05 Nov 2016 19:01:17 GMT   GET   /    2.278
d7e9896f-eba2-47f8-92f1-a798dfce4d7f Sat, 05 Nov 2016 19:01:18 GMT   GET   /vendor/jquery/jquery.js    0.219
35b5f996-a8e1-47bb-9d29-f7dcb2ff24b9 Sat, 05 Nov 2016 19:01:18 GMT   GET   /    1.887
5603120d-c3dc-4fda-9f4e-6ab6b329ae23 Sat, 05 Nov 2016 19:01:18 GMT   GET   /vendor/jquery/jquery.js    1.143
6a38285e-29c3-4153-b639-08ac80f2dc73 Sat, 05 Nov 2016 19:01:19 GMT   GET   /    1.878
1837916c-b088-43bb-84e2-d39fd1005849 Sat, 05 Nov 2016 19:01:19 GMT   GET   /vendor/jquery/jquery.js    0.306
26a69825-08a8-4a18-84d0-d1ee100d5881 Sat, 05 Nov 2016 19:01:20 GMT   GET   /    1.551
ef3df7be-fdec-450e-9ffe-0d75abf5d4e2 Sat, 05 Nov 2016 19:01:20 GMT   GET   /vendor/jquery/jquery.js    0.196
4735df58-656a-49ad-8937-d9bdd4867453 Sat, 05 Nov 2016 19:01:21 GMT   GET   /    2.323
450f02ba-25fc-4480-b864-cbc1c33f01d4 Sat, 05 Nov 2016 19:01:21 GMT   GET   /vendor/jquery/jquery.js    0.158
bbda0657-b927-4eb2-8c7e-93cfcd34bfe4 Sat, 05 Nov 2016 19:01:21 GMT   GET   /    1.632
9f6572fc-1374-4ad4-98c8-7a4d77f68f0f Sat, 05 Nov 2016 19:01:21 GMT   GET   /vendor/jquery/jquery.js    0.154
bb4b7cba-27fa-414f-b0d3-c5b7a5190bc3 Sat, 05 Nov 2016 19:01:22 GMT   GET   /    4.303
947d004d-37e9-4b3d-8784-e1884f2582a3 Sat, 05 Nov 2016 19:01:22 GMT   GET   /vendor/jquery/jquery.js    0.165
5a0c9a20-867e-423f-a123-c6e57c4feb43 Sat, 05 Nov 2016 19:01:23 GMT   GET   /    1.448
ece6a3dd-4fe7-4fbb-93e0-8f7859925f69 Sat, 05 Nov 2016 19:01:23 GMT   GET   /vendor/jquery/jquery.js    0.459
31d49862-c6ac-4995-bdfc-1b959f1c1879 Sat, 05 Nov 2016 19:01:24 GMT   GET   /    2.057
7f415fe1-15b7-4dad-9b68-3f1a8ad8807e Sat, 05 Nov 2016 19:01:24 GMT   GET   /vendor/jquery/jquery.js    0.190
0405767a-eb3e-4abf-b1a0-d6eff1af61cb Sat, 05 Nov 2016 19:01:25 GMT   GET   /    1.389
7eff8704-574d-4809-87cb-e0ce615f5abd Sat, 05 Nov 2016 19:01:25 GMT   GET   /vendor/jquery/jquery.js    0.530
b6a873bb-72ca-4c05-9b22-f94509f8a9f1 Sat, 05 Nov 2016 19:01:25 GMT   GET   /    3.208
ee7b4ba9-b4d6-43d0-96c6-8f7c278761d9 Sat, 05 Nov 2016 19:01:25 GMT   GET   /vendor/jquery/jquery.js    0.166
20628a02-a1c0-4a28-98dd-03d4d59f5a14 Sat, 05 Nov 2016 19:01:26 GMT   GET   /    2.346
07071cac-d894-40a0-810f-1a6fa2bbf057 Sat, 05 Nov 2016 19:01:26 GMT   GET   /vendor/jquery/jquery.js    0.173
dc1b0c16-2932-447f-8f33-575d929500a6 Sat, 05 Nov 2016 19:01:27 GMT   GET   /    1.404
38aa4fb7-4deb-458b-ac87-305974513ed0 Sat, 05 Nov 2016 19:01:27 GMT   GET   /vendor/jquery/jquery.js    0.441
b4d0bea9-775d-42a2-962f-d6e76acc6d5b Sat, 05 Nov 2016 19:01:28 GMT   GET   /    1.263
76b5115e-864d-44cf-8c02-7f067b747f14 Sat, 05 Nov 2016 19:01:28 GMT   GET   /vendor/jquery/jquery.js    0.184
e35c0eae-3693-4593-ae43-b531d479578a Sat, 05 Nov 2016 19:01:28 GMT   GET   /    1.186
4fc43180-c473-47ef-82cb-8a546ca4c378 Sat, 05 Nov 2016 19:01:28 GMT   GET   /vendor/jquery/jquery.js    0.177
47f1c676-a896-415b-82ea-3f8f417a14b5 Sat, 05 Nov 2016 19:01:29 GMT   GET   /    1.324
0b4cc06e-0cc6-4384-b338-a161e7e735aa Sat, 05 Nov 2016 19:01:29 GMT   GET   /vendor/jquery/jquery.js    0.163
af41327c-1f50-4b51-8359-fcf3b0f969ed Sat, 05 Nov 2016 19:01:30 GMT   GET   /    1.873
4e692c32-cc9e-412f-ab78-0af0501c4966 Sat, 05 Nov 2016 19:01:30 GMT   GET   /vendor/jquery/jquery.js    2.107
3789ad7c-008b-404b-8197-593f20575d5b Sat, 05 Nov 2016 19:01:30 GMT   GET   /    2.419
318eec01-2a62-4b7c-973c-3c94a2f64572 Sat, 05 Nov 2016 19:01:31 GMT   GET   /vendor/jquery/jquery.js    0.167
a6b89546-80ba-4178-879b-de2bf7de3a9e Sat, 05 Nov 2016 19:01:31 GMT   GET   /    1.824
50fce0ce-0f47-4a81-8354-5f9ffa0d6adc Sat, 05 Nov 2016 19:01:31 GMT   GET   /vendor/jquery/jquery.js    0.141
21deda57-60b7-41ae-951f-120211bafd3a Sat, 05 Nov 2016 19:01:32 GMT   GET   /    1.214
a6312c78-adfb-49fe-ac1d-f20a5a0e3ae2 Sat, 05 Nov 2016 19:01:32 GMT   GET   /vendor/jquery/jquery.js    0.178
508024ab-f07a-4a40-88eb-fc36f681fc9f Sat, 05 Nov 2016 19:01:32 GMT   GET   /    0.893
4da9ffdd-435d-44d2-9372-8d836d129dcc Sat, 05 Nov 2016 19:01:32 GMT   GET   /vendor/jquery/jquery.js    0.214
271251ff-79c1-4113-9c86-208517a26c14 Sat, 05 Nov 2016 19:01:33 GMT   GET   /    1.464
e6b16b60-b12e-4a9a-9539-4afd48118151 Sat, 05 Nov 2016 19:01:33 GMT   GET   /vendor/jquery/jquery.js    0.183
a3c32347-c9e7-42e3-838e-a9c75efb2ed4 Sat, 05 Nov 2016 19:01:34 GMT   GET   /    1.560
ad35faf2-3739-44a9-8c61-e6d74595b007 Sat, 05 Nov 2016 19:01:34 GMT   GET   /vendor/jquery/jquery.js    0.166
9e02184a-2ccd-46b8-beb2-f065863d9355 Sat, 05 Nov 2016 19:01:34 GMT   GET   /    2.520
37c46234-9234-44d8-b7a2-eb1b3ceb6ae6 Sat, 05 Nov 2016 19:01:34 GMT   GET   /vendor/jquery/jquery.js    0.213
744bfdf6-3c6e-4302-b0fb-ad9b18d69ea8 Sat, 05 Nov 2016 19:01:35 GMT   GET   /    2.755
4b00e383-0b75-4fff-96d9-885f4cb74f2b Sat, 05 Nov 2016 19:01:35 GMT   GET   /vendor/jquery/jquery.js    0.156
1c0732b4-0d04-4a5f-b558-a27139400653 Sat, 05 Nov 2016 19:01:36 GMT   GET   /    2.573
f2168608-f1e1-41a5-baa9-beea56b17dfc Sat, 05 Nov 2016 19:01:36 GMT   GET   /vendor/jquery/jquery.js    0.151
61cd2e7d-e7c0-4206-9784-8208d4306787 Sat, 05 Nov 2016 19:01:36 GMT   GET   /    1.551
3ec95281-e073-41a2-b2a6-6f1ed0f111e8 Sat, 05 Nov 2016 19:01:36 GMT   GET   /vendor/jquery/jquery.js    0.567
c15e8df5-6452-410f-9a27-497efe3d5be0 Sat, 05 Nov 2016 19:01:37 GMT   GET   /    1.193
a5a65cd0-050a-4424-83d6-ba042a471948 Sat, 05 Nov 2016 19:01:37 GMT   GET   /vendor/jquery/jquery.js    0.187
4435f2f0-2a35-48b7-a338-3d216eed6d41 Sat, 05 Nov 2016 19:01:38 GMT   GET   /    1.294
b0754317-9acf-4e36-808b-b4c02dcd47cf Sat, 05 Nov 2016 19:01:38 GMT   GET   /vendor/jquery/jquery.js    0.621
bd87ceca-7da9-4a4b-a517-d855a98c29fd Sat, 05 Nov 2016 19:01:38 GMT   GET   /    0.935
57ba21a2-26ae-4917-93a3-f40af2e4e556 Sat, 05 Nov 2016 19:01:38 GMT   GET   /vendor/jquery/jquery.js    0.155
38d203f8-16c0-4462-ae69-af0ff0f8d382 Sat, 05 Nov 2016 19:01:39 GMT   GET   /    1.524
7cfbe494-23cd-412a-bb2a-ffd7d88bc7e5 Sat, 05 Nov 2016 19:01:39 GMT   GET   /vendor/jquery/jquery.js    0.156
cd986e18-bd0a-4e9c-b850-96d3bdc920ba Sat, 05 Nov 2016 19:01:40 GMT   GET   /    1.221
313e0734-58eb-44bf-b27d-690237a11000 Sat, 05 Nov 2016 19:01:40 GMT   GET   /vendor/jquery/jquery.js    0.154
a90d6807-2cd5-4f5e-a33f-3ff83c1f90e4 Sat, 05 Nov 2016 19:01:41 GMT   GET   /    1.071
d74f069a-f4f9-47df-970d-c04a6f401ba0 Sat, 05 Nov 2016 19:01:41 GMT   GET   /vendor/jquery/jquery.js    0.215
186146de-4d7f-4c4e-9165-4ed8193cd6f9 Sat, 05 Nov 2016 19:01:41 GMT   GET   /    1.565
9227bc06-6009-48b2-9cc7-b02a23d1f3a9 Sat, 05 Nov 2016 19:01:41 GMT   GET   /vendor/jquery/jquery.js    0.196
318e9202-4f03-4ba5-811e-27eaa2e8d40e Sat, 05 Nov 2016 19:01:42 GMT   GET   /    1.178
e09432d3-9cbf-4f4f-860b-11df26f05de9 Sat, 05 Nov 2016 19:01:42 GMT   GET   /vendor/jquery/jquery.js    0.160
bc4b30da-e516-4448-b6eb-3bc94c8bfec9 Sat, 05 Nov 2016 19:01:42 GMT   GET   /    1.218
88af9d20-0cab-4979-805a-f12a649852ca Sat, 05 Nov 2016 19:01:42 GMT   GET   /vendor/jquery/jquery.js    0.215
763825ab-9d5d-4f07-84a4-8c3addfbc873 Sat, 05 Nov 2016 19:01:43 GMT   GET   /    2.126
8f25e294-e9b6-4226-8fbe-105b4971db9f Sat, 05 Nov 2016 19:01:43 GMT   GET   /vendor/jquery/jquery.js    0.138
73b253fb-143c-4207-997f-d0ab24fbd5b3 Sat, 05 Nov 2016 19:01:44 GMT   GET   /    3.445
be3622ad-2216-4c5d-9521-21af26bbd6ce Sat, 05 Nov 2016 19:01:44 GMT   GET   /vendor/jquery/jquery.js    0.160
e2b80aa4-2deb-472f-bfb0-de18a67a08bc Sat, 05 Nov 2016 19:01:45 GMT   GET   /    1.237
18db2f38-dc8a-4b0a-85bf-461fefe5aa8f Sat, 05 Nov 2016 19:01:45 GMT   GET   /vendor/jquery/jquery.js    0.163
fd9467bd-8b49-466c-b5b0-9da169e6929e Sat, 05 Nov 2016 19:01:45 GMT   GET   /    0.782
98d66a58-d17f-4726-9fe2-12906fcf7091 Sat, 05 Nov 2016 19:01:46 GMT   GET   /vendor/jquery/jquery.js    0.356
96aa818c-336f-410d-814c-128a7e6cc86d Sat, 05 Nov 2016 19:01:46 GMT   GET   /    1.242
c651aa0a-ccc4-469c-8b03-f35553b453e4 Sat, 05 Nov 2016 19:01:46 GMT   GET   /vendor/jquery/jquery.js    0.168
d98395bc-a461-472b-a080-6474b8de9c2c Sat, 05 Nov 2016 19:01:47 GMT   GET   /    1.801
da49d881-d714-4721-813f-353d5d1fd6eb Sat, 05 Nov 2016 19:01:47 GMT   GET   /vendor/jquery/jquery.js    0.196
1364d55c-a4a5-4a96-95c7-e35f4e57483b Sat, 05 Nov 2016 19:01:48 GMT   GET   /    1.212
399b94df-2c44-4dad-b1ea-ade7dd53ec52 Sat, 05 Nov 2016 19:01:48 GMT   GET   /vendor/jquery/jquery.js    0.163
35884473-7096-4698-a545-d6febec5a630 Sat, 05 Nov 2016 19:01:48 GMT   GET   /    1.848
c6c0bf06-7e35-45e1-bef0-743bfc293710 Sat, 05 Nov 2016 19:01:48 GMT   GET   /vendor/jquery/jquery.js    0.307
1b306699-a678-48dc-9fbf-e114918f5098 Sat, 05 Nov 2016 19:01:49 GMT   GET   /    1.208
852becb7-03a2-47bb-b2ab-71b7d32477ac Sat, 05 Nov 2016 19:01:49 GMT   GET   /vendor/jquery/jquery.js    0.171
c8722ddc-9b83-49a3-b9c3-d5cd107b81da Sat, 05 Nov 2016 19:01:50 GMT   GET   /    3.409
ba51e61c-688b-4af9-b21c-a110bd57264b Sat, 05 Nov 2016 19:01:50 GMT   GET   /vendor/jquery/jquery.js    0.201
e6ddd5b9-94cd-424b-8736-46fbe533ec8f Sat, 05 Nov 2016 19:01:51 GMT   GET   /    0.938
5e0cbf44-0d8f-41ca-a34e-e9946bf8412c Sat, 05 Nov 2016 19:01:51 GMT   GET   /vendor/jquery/jquery.js    0.158
095f239b-d313-4cef-9d3f-ef6359a9b5d8 Sat, 05 Nov 2016 19:01:51 GMT   GET   /    1.213
260414b4-a2f1-4a22-9731-1506ca469b19 Sat, 05 Nov 2016 19:01:51 GMT   GET   /vendor/jquery/jquery.js    0.252
633ac31b-8461-4ee7-b88e-b0a0c1c4e321 Sat, 05 Nov 2016 19:01:52 GMT   GET   /    1.626
65073b7d-52f1-4cc8-9fc0-0c4f56163097 Sat, 05 Nov 2016 19:01:52 GMT   GET   /vendor/jquery/jquery.js    0.147
dd5af2a1-3433-46e0-998c-f2c03aa01d39 Sat, 05 Nov 2016 19:01:53 GMT   GET   /    2.267
23397fd4-0e28-4701-a593-bf824cab6952 Sat, 05 Nov 2016 19:01:53 GMT   GET   /vendor/jquery/jquery.js    0.228
9e4eccca-46dd-4980-bdd0-38ef8ce5a987 Sat, 05 Nov 2016 19:01:54 GMT   GET   /    2.890
fca38a57-62c3-4169-bdd6-c240fd9322a8 Sat, 05 Nov 2016 19:01:54 GMT   GET   /vendor/jquery/jquery.js    0.137
6151a85d-c235-4ccf-9314-04d523d2621f Sat, 05 Nov 2016 19:01:55 GMT   GET   /    1.545
2e72bf43-2fb4-42ee-a48d-e7518ebc87a9 Sat, 05 Nov 2016 19:01:55 GMT   GET   /vendor/jquery/jquery.js    0.408
c7e7696a-fcd9-4514-b7bc-a458a4f04bd9 Sat, 05 Nov 2016 19:01:56 GMT   GET   /    1.493
977125b1-36e1-4363-9595-67557af970b3 Sat, 05 Nov 2016 19:01:56 GMT   GET   /vendor/jquery/jquery.js    0.168
bbe343b1-885c-4639-8d99-a6a738469eed Sat, 05 Nov 2016 19:01:57 GMT   GET   /    3.831
e626af12-8f20-4262-a03f-4680208beeb6 Sat, 05 Nov 2016 19:01:57 GMT   GET   /vendor/jquery/jquery.js    0.455
04e51143-e91e-4103-adbe-fccd2a66dfa1 Sat, 05 Nov 2016 19:01:57 GMT   GET   /    2.263
e82aad01-eb99-4a61-ab69-ecb38e3e71d2 Sat, 05 Nov 2016 19:01:57 GMT   GET   /vendor/jquery/jquery.js    0.155
4c7d1768-b3b4-41a3-8153-a06963479924 Sat, 05 Nov 2016 19:01:58 GMT   GET   /    1.143
02f8b498-9e9b-49f7-8791-29d5ad9adb96 Sat, 05 Nov 2016 19:01:58 GMT   GET   /vendor/jquery/jquery.js    0.156
42ca8796-bb04-437a-a06c-fef577eccfe7 Sat, 05 Nov 2016 19:01:59 GMT   GET   /    1.316
fe142e70-afbe-4ec1-aac9-667b71bf07ae Sat, 05 Nov 2016 19:01:59 GMT   GET   /vendor/jquery/jquery.js    0.149
2a56fc07-bfbe-4f7e-8f52-8bcad0260849 Sat, 05 Nov 2016 19:02:00 GMT   GET   /    1.230
cc11ee50-7727-4fb8-9802-ca437324996a Sat, 05 Nov 2016 19:02:00 GMT   GET   /vendor/jquery/jquery.js    0.164
563aec0d-1dbe-4dcd-98c7-aff36092bbea Sat, 05 Nov 2016 19:02:00 GMT   GET   /    2.167
cccd35cf-6de0-4e3b-9098-062da97c0b07 Sat, 05 Nov 2016 19:02:00 GMT   GET   /vendor/jquery/jquery.js    0.358
2e2b108d-58d7-4e88-a96c-e9ae1d447c9c Sat, 05 Nov 2016 19:02:01 GMT   GET   /    1.925
5211ff7f-d831-4a25-a2cf-0ea3c6811e74 Sat, 05 Nov 2016 19:02:01 GMT   GET   /vendor/jquery/jquery.js    0.170
6ffc0135-d64e-4c82-a70b-3de98dff02ae Sat, 05 Nov 2016 19:02:02 GMT   GET   /    1.714
9a548847-36e4-4b13-94f6-95a95c92841b Sat, 05 Nov 2016 19:02:02 GMT   GET   /vendor/jquery/jquery.js    0.375
7a5c5147-10a7-4154-9faf-405ba5d37430 Sat, 05 Nov 2016 19:02:03 GMT   GET   /    1.587
3ee10b05-9c87-4362-aefd-b0abe6e388e8 Sat, 05 Nov 2016 19:02:03 GMT   GET   /vendor/jquery/jquery.js    0.170
aa1a5751-4101-4562-9476-a5a8f51b0f1c Sat, 05 Nov 2016 19:02:04 GMT   GET   /    3.821
3049b407-2bb2-4ab4-be24-75203e6e9cc7 Sat, 05 Nov 2016 19:02:04 GMT   GET   /vendor/jquery/jquery.js    0.164
8c99a38c-5dcf-4c0e-a490-a360474de5c1 Sat, 05 Nov 2016 19:02:04 GMT   GET   /    1.122
b33422a6-4f0e-4652-be5e-e9f7cc170fa9 Sat, 05 Nov 2016 19:02:04 GMT   GET   /vendor/jquery/jquery.js    0.157
88582e3b-e64f-4ca4-b21d-ad941bce3fda Sat, 05 Nov 2016 19:02:05 GMT   GET   /    1.069
0932de79-6fbd-4183-b3cc-05d46492e4ca Sat, 05 Nov 2016 19:02:05 GMT   GET   /vendor/jquery/jquery.js    0.188
038b5a2b-e42c-4302-a730-bca86829f501 Sat, 05 Nov 2016 19:02:06 GMT   GET   /    2.685
9650fa70-ebce-4431-9953-c91eedb38c6b Sat, 05 Nov 2016 19:02:06 GMT   GET   /vendor/jquery/jquery.js    0.317
a189ead1-ee0a-40ce-8294-32de2ef7d45e Sat, 05 Nov 2016 19:02:06 GMT   GET   /    1.895
47b71875-c929-4eac-9324-48235526160e Sat, 05 Nov 2016 19:02:06 GMT   GET   /vendor/jquery/jquery.js    0.194
0d0425c5-8b5e-461e-bd6d-7d9ec1ed22be Sat, 05 Nov 2016 19:02:07 GMT   GET   /    1.672
6e3c04ca-099a-449d-b128-6c5f3b97dbf5 Sat, 05 Nov 2016 19:02:07 GMT   GET   /vendor/jquery/jquery.js    0.169
70c29290-efad-4f4a-b078-9d58758d0dc3 Sat, 05 Nov 2016 19:02:07 GMT   GET   /    1.862
20e80478-74c6-48e5-af78-8ebc055da90c Sat, 05 Nov 2016 19:02:08 GMT   GET   /vendor/jquery/jquery.js    0.182
db8162f5-5f00-445c-a406-345635fbe3e0 Sat, 05 Nov 2016 19:02:08 GMT   GET   /    1.732
0bdf57fb-f716-4ad8-b9ae-25a4dab069ec Sat, 05 Nov 2016 19:02:08 GMT   GET   /vendor/jquery/jquery.js    0.343
d8df12e1-c577-48d0-b8fc-c6f3a0572ce1 Sat, 05 Nov 2016 19:02:09 GMT   GET   /    1.470
5aa2379a-c282-40b2-a197-a888011dc511 Sat, 05 Nov 2016 19:02:09 GMT   GET   /vendor/jquery/jquery.js    0.160
2237114c-df11-4b38-bbd5-d0074d47ffc3 Sat, 05 Nov 2016 19:02:09 GMT   GET   /    0.828
d3874d3f-8383-4c43-9bb2-381dd85bfefa Sat, 05 Nov 2016 19:02:09 GMT   GET   /vendor/jquery/jquery.js    0.175
3632fba5-675c-4e3a-9c41-4e8f9c66f7df Sat, 05 Nov 2016 19:02:10 GMT   GET   /    1.266
8be829cc-c372-498f-82b3-f013f5cb0022 Sat, 05 Nov 2016 19:02:10 GMT   GET   /vendor/jquery/jquery.js    0.420
39bdbdd3-b124-4a4b-b5a7-e7d28d66bb03 Sat, 05 Nov 2016 19:02:11 GMT   GET   /    1.219
689f6e39-9d84-4c56-b875-1261ef5a84a0 Sat, 05 Nov 2016 19:02:11 GMT   GET   /vendor/jquery/jquery.js    0.334
e02872cd-93d4-45af-9f77-63d1760645c0 Sat, 05 Nov 2016 19:02:11 GMT   GET   /    0.974
bd7300b0-308f-4237-962f-671e247d3e8e Sat, 05 Nov 2016 19:02:11 GMT   GET   /vendor/jquery/jquery.js    0.760
968934b2-9b7a-4332-9184-a26d1ac3b8c2 Sat, 05 Nov 2016 19:02:12 GMT   GET   /    1.198
45716129-10d3-46ad-96bf-708a217e4736 Sat, 05 Nov 2016 19:02:12 GMT   GET   /vendor/jquery/jquery.js    0.393
b15df0a3-482d-45b2-b3c0-b3c8e9793458 Sat, 05 Nov 2016 19:02:13 GMT   GET   /    1.238
34e2d7c6-d779-4dc0-b227-448cd7611b19 Sat, 05 Nov 2016 19:02:13 GMT   GET   /vendor/jquery/jquery.js    0.140
5ef5e0b5-3b44-43b9-a315-c432506f6c8e Sat, 05 Nov 2016 19:02:13 GMT   GET   /    2.237
19e25b1d-bf89-4cdf-aa87-95fcdb68719e Sat, 05 Nov 2016 19:02:13 GMT   GET   /vendor/jquery/jquery.js    0.151
c9b202cb-e0e2-47cc-9258-bf3e24dd1463 Sat, 05 Nov 2016 19:02:14 GMT   GET   /    1.403
632c99b1-b79e-4f8b-a9b9-398700e9f887 Sat, 05 Nov 2016 19:02:14 GMT   GET   /vendor/jquery/jquery.js    0.150
ef9ae1b3-272d-40c7-80d0-1bc11393b53c Sat, 05 Nov 2016 19:02:15 GMT   GET   /    2.220
a4945810-5648-460e-8f66-45ff307e5d68 Sat, 05 Nov 2016 19:02:15 GMT   GET   /vendor/jquery/jquery.js    0.161
41bc140e-ce1b-40c5-a452-87fb9a7211ad Sat, 05 Nov 2016 19:02:16 GMT   GET   /    3.487
525fa87e-abe0-40e0-bf16-a8a8bf6d40e7 Sat, 05 Nov 2016 19:02:16 GMT   GET   /vendor/jquery/jquery.js    0.153
cb51f312-ab40-4701-bba5-945bb5f003b0 Sat, 05 Nov 2016 19:02:16 GMT   GET   /    0.908
cf843c79-4a26-4628-aa36-2ee9bf4062ef Sat, 05 Nov 2016 19:02:16 GMT   GET   /vendor/jquery/jquery.js    0.186
22f2ee52-594c-4856-af68-67c551b49242 Sat, 05 Nov 2016 19:02:17 GMT   GET   /    3.874
662b3db6-bc9e-45c8-b8c7-bc654b48acde Sat, 05 Nov 2016 19:02:17 GMT   GET   /vendor/jquery/jquery.js    0.161
383f377a-1ce5-4440-84d9-6ad0118d7750 Sat, 05 Nov 2016 19:02:18 GMT   GET   /    1.628
276076d9-0b18-4564-9854-72e76654ffb2 Sat, 05 Nov 2016 19:02:18 GMT   GET   /vendor/jquery/jquery.js    0.349
13853665-f05c-4006-8910-a4592a32ce1a Sat, 05 Nov 2016 19:02:18 GMT   GET   /    1.157
2dd4f982-1d52-4857-8d09-77de72f0c159 Sat, 05 Nov 2016 19:02:18 GMT   GET   /vendor/jquery/jquery.js    0.137
f13f1b30-cec8-429e-88af-a2880642f065 Sat, 05 Nov 2016 19:02:19 GMT   GET   /    1.029
975813af-15ab-4662-925c-c9d52d522d67 Sat, 05 Nov 2016 19:02:19 GMT   GET   /vendor/jquery/jquery.js    0.157
de6475f1-b12d-4498-aaf0-de808e89c88d Sat, 05 Nov 2016 19:02:19 GMT   GET   /    1.374
3eafba02-8c39-4acb-91f4-48b133be5f83 Sat, 05 Nov 2016 19:02:19 GMT   GET   /vendor/jquery/jquery.js    0.260
b655957b-e37d-4bfb-9798-d744ec48fe0a Sat, 05 Nov 2016 19:02:20 GMT   GET   /    1.687
812de68c-d525-4d8f-a813-526af92262e5 Sat, 05 Nov 2016 19:02:20 GMT   GET   /vendor/jquery/jquery.js    0.145
57f5bb83-d644-4020-b585-d201cad60fb3 Sat, 05 Nov 2016 19:02:21 GMT   GET   /    1.595
a46b5634-8771-4dfd-bbfb-585a7c327312 Sat, 05 Nov 2016 19:02:21 GMT   GET   /vendor/jquery/jquery.js    0.142
c098c382-1227-4c71-8a3f-a2a8d1f8d3b2 Sat, 05 Nov 2016 19:02:22 GMT   GET   /    1.238
6d9aa358-185b-4104-887c-9c1d35a89052 Sat, 05 Nov 2016 19:02:22 GMT   GET   /vendor/jquery/jquery.js    0.355
d78b1a4a-0f63-48fe-937d-cf3b07b87249 Sat, 05 Nov 2016 19:02:22 GMT   GET   /    1.055
b2136dda-d6a2-41c0-9d88-462a9ddaf045 Sat, 05 Nov 2016 19:02:22 GMT   GET   /vendor/jquery/jquery.js    0.204
d6c16a65-0f2e-4343-ae18-ccfc09c9646b Sat, 05 Nov 2016 19:02:23 GMT   GET   /    0.906
c0c2c112-ef9e-41d3-8a01-5b6ec8eece1f Sat, 05 Nov 2016 19:02:23 GMT   GET   /vendor/jquery/jquery.js    0.239
bd880475-7dd3-47e1-9692-10d8649c56a9 Sat, 05 Nov 2016 19:02:24 GMT   GET   /    1.221
68167ebd-a97b-428c-9412-410c9c641a6b Sat, 05 Nov 2016 19:02:24 GMT   GET   /vendor/jquery/jquery.js    0.146
38769a09-7a2d-46fb-973b-1c90d77d548e Sat, 05 Nov 2016 19:02:24 GMT   GET   /    1.473
d0e91770-56cd-4eed-8781-245cd8f0aac0 Sat, 05 Nov 2016 19:02:24 GMT   GET   /vendor/jquery/jquery.js    0.166
24ddf59d-942a-4410-9719-73fadb4ef4c6 Sat, 05 Nov 2016 19:02:25 GMT   GET   /    1.467
7939ad20-e796-4428-9b5d-766ea6f0c737 Sat, 05 Nov 2016 19:02:25 GMT   GET   /vendor/jquery/jquery.js    0.144
6d02e5ab-041c-4919-9ed9-ebfe39ff5a23 Sat, 05 Nov 2016 19:02:26 GMT   GET   /    0.851
cad30296-c849-4439-acd5-07b1c4bab714 Sat, 05 Nov 2016 19:02:26 GMT   GET   /vendor/jquery/jquery.js    0.935
e2bdecd3-6199-40e4-ad94-dd7ef2279b85 Sat, 05 Nov 2016 19:02:26 GMT   GET   /    0.910
b370f3e9-dba3-4c98-8107-cd9762413563 Sat, 05 Nov 2016 19:02:26 GMT   GET   /vendor/jquery/jquery.js    0.185
585ada87-a881-42f2-a32d-bb0ee0ca1256 Sat, 05 Nov 2016 19:02:27 GMT   GET   /    1.496
b5900f91-75b8-4148-aebc-14040cc813fc Sat, 05 Nov 2016 19:02:27 GMT   GET   /vendor/jquery/jquery.js    0.155
f0c797dd-aa9d-4391-8544-5b0b16876ca3 Sat, 05 Nov 2016 19:02:28 GMT   GET   /    1.673
f6f2121f-be09-4417-b723-eb6231a8caa6 Sat, 05 Nov 2016 19:02:28 GMT   GET   /vendor/jquery/jquery.js    0.157
944dbb71-441a-4977-a5b1-28e17caa45d8 Sat, 05 Nov 2016 19:02:28 GMT   GET   /    9.262
d2e6a4bb-4702-46dd-acb8-70bc8fa74f27 Sat, 05 Nov 2016 19:02:28 GMT   GET   /vendor/jquery/jquery.js    0.233
4a5f3c11-356b-487f-b008-7503208859fb Sat, 05 Nov 2016 19:02:29 GMT   GET   /    2.476
503fb34d-d935-483a-929a-cdfd821960cf Sat, 05 Nov 2016 19:02:29 GMT   GET   /vendor/jquery/jquery.js    0.173
d7d9c89d-054a-4f53-ada9-bb647d930108 Sat, 05 Nov 2016 19:02:30 GMT   GET   /    2.611
c88f6174-928b-4e3a-87b7-ac8e1d741214 Sat, 05 Nov 2016 19:02:30 GMT   GET   /vendor/jquery/jquery.js    0.133
222e14ba-69dd-4397-b8ec-63f901e91ef9 Sat, 05 Nov 2016 19:02:30 GMT   GET   /    1.512
3b67de72-e607-4e10-8604-98b93bd581d1 Sat, 05 Nov 2016 19:02:30 GMT   GET   /vendor/jquery/jquery.js    0.159
595d46bf-3404-4ad1-b60e-c3a2790eaa8a Sat, 05 Nov 2016 19:02:31 GMT   GET   /    1.416
da3a97b0-6a16-453c-87d8-32cc972f6049 Sat, 05 Nov 2016 19:02:31 GMT   GET   /vendor/jquery/jquery.js    0.131
b9696e6f-285c-42ea-9d95-8e46dc6f2351 Sat, 05 Nov 2016 19:02:31 GMT   GET   /    1.140
c58dfe20-897e-4978-aec7-267ded49669b Sat, 05 Nov 2016 19:02:32 GMT   GET   /vendor/jquery/jquery.js    0.214
b17b5232-6d3a-491c-b3be-ffe70dc4caf1 Sat, 05 Nov 2016 19:02:32 GMT   GET   /    1.734
997642fd-91c6-4ccb-a740-9691bcab38f1 Sat, 05 Nov 2016 19:02:32 GMT   GET   /vendor/jquery/jquery.js    0.154
875f4cce-d423-4564-a385-2c1087210f89 Sat, 05 Nov 2016 19:02:33 GMT   GET   /    0.770
ccf89603-b764-4c23-8f87-a74ed954ded8 Sat, 05 Nov 2016 19:02:33 GMT   GET   /vendor/jquery/jquery.js    0.133
4a12c619-2a48-49c7-bed3-8bbcf30b430e Sat, 05 Nov 2016 19:02:33 GMT   GET   /    1.063
a80b2056-5f1b-4956-8ad9-09bbf5ec056c Sat, 05 Nov 2016 19:02:33 GMT   GET   /vendor/jquery/jquery.js    0.135
def1006c-4266-40a0-bcc4-5a1e129c60e1 Sat, 05 Nov 2016 19:02:34 GMT   GET   /    1.251
c69dc8d8-6548-4a46-8c06-7c29de2026f4 Sat, 05 Nov 2016 19:02:34 GMT   GET   /vendor/jquery/jquery.js    0.149
c9208148-b1bf-4936-9ec7-ffe7569a274c Sat, 05 Nov 2016 19:02:35 GMT   GET   /    1.348
0b396f46-e195-4643-8aad-011569ea7703 Sat, 05 Nov 2016 19:02:35 GMT   GET   /vendor/jquery/jquery.js    0.143
8474ec79-34fe-4bd4-b7fb-bb98dfdc492a Sat, 05 Nov 2016 19:02:35 GMT   GET   /    2.470
8b89e5c2-094c-4267-9f73-fb72a2bb51fa Sat, 05 Nov 2016 19:02:35 GMT   GET   /vendor/jquery/jquery.js    0.130
52080228-d76c-463e-8bc5-e1a8a50f1435 Sat, 05 Nov 2016 19:02:36 GMT   GET   /    1.585
4adc11c9-278d-44d5-9990-df8105fe6f4e Sat, 05 Nov 2016 19:02:36 GMT   GET   /vendor/jquery/jquery.js    0.152
640f4f93-705b-48c8-8cdd-6f473399153a Sat, 05 Nov 2016 19:02:37 GMT   GET   /    0.855
98d71ced-339e-4f38-b345-1aa3fe839250 Sat, 05 Nov 2016 19:02:37 GMT   GET   /vendor/jquery/jquery.js    0.159
e64d735a-fcb8-430d-87f0-13cb64fcdd5b Sat, 05 Nov 2016 19:02:37 GMT   GET   /    1.995
92f0fb2d-7e48-43d0-8641-640c3d6edd29 Sat, 05 Nov 2016 19:02:37 GMT   GET   /vendor/jquery/jquery.js    0.236
3ac7a323-9165-4b12-92a8-ed1a0a45d44b Sat, 05 Nov 2016 19:02:38 GMT   GET   /    1.604
f2999953-150f-4bb8-a655-c8d716270006 Sat, 05 Nov 2016 19:02:38 GMT   GET   /vendor/jquery/jquery.js    0.173
c9c4f8b0-5844-48d1-8886-dfa6da783742 Sat, 05 Nov 2016 19:02:39 GMT   GET   /    9.747
35b97e5e-f4b7-4d63-9af5-2ccd73ed2912 Sat, 05 Nov 2016 19:02:39 GMT   GET   /vendor/jquery/jquery.js    1.645
923c9408-6fb8-448e-991a-fdd1515675b5 Sat, 05 Nov 2016 19:02:39 GMT   GET   /    1.240
3d887003-a6ae-473f-9c8f-4067fb6af557 Sat, 05 Nov 2016 19:02:39 GMT   GET   /vendor/jquery/jquery.js    0.169
b921c3ec-181f-487b-b629-49f03e82bd4c Sat, 05 Nov 2016 19:02:40 GMT   GET   /    1.088
9af88a7b-0700-4e14-b8eb-05913ac60c92 Sat, 05 Nov 2016 19:02:41 GMT   GET   /vendor/jquery/jquery.js    0.296
39fa862c-8aa2-41b9-b9d0-5976abda5839 Sat, 05 Nov 2016 19:02:42 GMT   GET   /    10.240
8857525e-4dba-44c0-86e5-37270f4dedd1 Sat, 05 Nov 2016 19:02:42 GMT   GET   /vendor/jquery/jquery.js    1.357
32195abe-d115-441a-90d0-bb572c6f9ffb Sat, 05 Nov 2016 19:02:44 GMT   GET   /    5.258
af852496-2317-4f6a-b582-f8c4edc31fb1 Sat, 05 Nov 2016 19:02:44 GMT   GET   /vendor/jquery/jquery.js    0.419
80c13fdb-c036-488b-9bf4-3cc5c67cf800 Sat, 05 Nov 2016 19:02:45 GMT   GET   /    2.032
3c84f240-633f-4361-a46f-32eec385d541 Sat, 05 Nov 2016 19:02:53 GMT   GET   /    11.756
104008a4-4f3c-47fb-8a86-33c7642cc277 Sat, 05 Nov 2016 19:02:53 GMT   GET   /vendor/jquery/jquery.js    2.291
b8148ef2-aa34-4c08-b2f0-251082074ed3 Sat, 05 Nov 2016 19:02:54 GMT   GET   /    1.832
d77eb805-0f26-4614-a518-472a0bb3d3d0 Sat, 05 Nov 2016 19:02:54 GMT   GET   /vendor/jquery/jquery.js    0.476
5dead39f-12d7-4180-bc15-6c8bdeb7cbc6 Sat, 05 Nov 2016 19:02:54 GMT   GET   /    1.258
fcb5d4d0-6b1f-419c-9d0e-94b8d6a80fa9 Sat, 05 Nov 2016 19:02:54 GMT   GET   /vendor/jquery/jquery.js    0.272
685c08b4-b065-4143-b31c-ccfb722690b9 Sat, 05 Nov 2016 19:02:55 GMT   GET   /    1.178
cad9d103-7268-4fea-93ca-dbe5f331d3f2 Sat, 05 Nov 2016 19:02:55 GMT   GET   /vendor/jquery/jquery.js    0.136
beb620b6-a207-4461-af8e-ce6dbe090dd7 Sat, 05 Nov 2016 19:02:56 GMT   GET   /    1.796
e9c0aadc-53a7-4fe7-994f-29e2c053952b Sat, 05 Nov 2016 19:02:56 GMT   GET   /vendor/jquery/jquery.js    0.162
80d6225e-c37b-4fee-984e-ed071f0174a6 Sat, 05 Nov 2016 19:02:57 GMT   GET   /    1.101
f5ca2f7b-5a9c-488a-b56a-0db082ed37a5 Sat, 05 Nov 2016 19:02:57 GMT   GET   /vendor/jquery/jquery.js    0.216
5b8a7234-afb4-4cfa-81bb-0b20e7cd0e76 Sat, 05 Nov 2016 19:02:58 GMT   GET   /    1.276
a3868858-555f-4845-9bc4-a70f5cca5df1 Sat, 05 Nov 2016 19:02:58 GMT   GET   /vendor/jquery/jquery.js    0.165
97b3b1dd-8140-41ea-9305-ae0ecda575f5 Sat, 05 Nov 2016 19:02:58 GMT   GET   /    2.515
bbf51381-9a9c-4cf2-a2d2-997c13c089dc Sat, 05 Nov 2016 19:02:59 GMT   GET   /vendor/jquery/jquery.js    0.209
b69b01ff-a78b-418d-9470-e40e9089d21c Sat, 05 Nov 2016 19:02:59 GMT   GET   /    1.215
5e56dbd4-d575-4a7d-8e9f-98985c703f22 Sat, 05 Nov 2016 19:02:59 GMT   GET   /vendor/jquery/jquery.js    0.190
703d7ad2-938a-47d6-86b2-fe8c4c0b812e Sat, 05 Nov 2016 19:03:00 GMT   GET   /    1.293
0395f6f7-2cff-4b60-ab1f-4983595e026d Sat, 05 Nov 2016 19:03:00 GMT   GET   /vendor/jquery/jquery.js    0.141
5f859bee-6add-42cb-8e39-fbeef8248c10 Sat, 05 Nov 2016 19:03:01 GMT   GET   /    5.835
c21b5e06-98f7-4430-9d54-3c9efd9827ce Sat, 05 Nov 2016 19:03:01 GMT   GET   /vendor/jquery/jquery.js    0.177
49e9a2ed-2e6c-494a-80e4-342c18008561 Sat, 05 Nov 2016 19:03:02 GMT   GET   /    6.362
a5352f67-d77c-4b5f-a788-65220d41376c Sat, 05 Nov 2016 19:03:02 GMT   GET   /vendor/jquery/jquery.js    0.160
5af07989-d3a0-4ae3-bfe1-4cd8129e03cd Sat, 05 Nov 2016 19:03:02 GMT   GET   /    1.492
1840bf51-47c7-4e2c-88e4-b8df37bcad6f Sat, 05 Nov 2016 19:03:02 GMT   GET   /vendor/jquery/jquery.js    0.350
d48426f9-2d7a-4001-8e7d-91ad546ae600 Sat, 05 Nov 2016 19:03:03 GMT   GET   /    3.498
f39117ce-5c9d-4a60-a27c-1623281ebdb1 Sat, 05 Nov 2016 19:03:03 GMT   GET   /vendor/jquery/jquery.js    0.214
d8dd45b1-eef1-4c9a-9f63-0eef45aff337 Sat, 05 Nov 2016 19:03:04 GMT   GET   /    0.869
79d92bf8-5372-4425-86e0-e5d532152442 Sat, 05 Nov 2016 19:03:04 GMT   GET   /vendor/jquery/jquery.js    0.173
54196f32-f72f-4f5c-b002-b45a99ba1772 Sat, 05 Nov 2016 19:03:05 GMT   GET   /    1.942
18b98757-ed54-4c00-8468-20718f4e4253 Sat, 05 Nov 2016 19:03:05 GMT   GET   /vendor/jquery/jquery.js    0.156
86594eb7-f8d8-4f0d-9cd3-25c0ff913f43 Sat, 05 Nov 2016 19:03:06 GMT   GET   /    2.569
488536c4-7ac9-46fe-a75c-80647f4494b7 Sat, 05 Nov 2016 19:03:06 GMT   GET   /vendor/jquery/jquery.js    0.586
96a9ede8-fe22-43f7-ad91-7cec961c76fc Sat, 05 Nov 2016 19:03:07 GMT   GET   /    1.509
6eb78767-9ceb-4ab3-89ef-8b92d38eb879 Sat, 05 Nov 2016 19:03:07 GMT   GET   /vendor/jquery/jquery.js    0.909
d768aaaa-4aae-4d62-af9e-81a4d385ee5c Sat, 05 Nov 2016 19:03:07 GMT   GET   /    6.800
208b584e-fc4e-46cc-9466-c6a82a9a9e44 Sat, 05 Nov 2016 19:03:07 GMT   GET   /vendor/jquery/jquery.js    0.195
d09044c3-66d0-462f-8649-737ff603a279 Sat, 05 Nov 2016 19:03:08 GMT   GET   /    1.856
eca7490d-5995-4f18-b0b0-d426f1a7bc1f Sat, 05 Nov 2016 19:03:08 GMT   GET   /vendor/jquery/jquery.js    0.191
cdf2dc8d-3d2c-4bda-90d1-76cf3a11e423 Sat, 05 Nov 2016 19:03:09 GMT   GET   /    3.931
154c0b87-a637-4c37-b1b2-5b71a6787187 Sat, 05 Nov 2016 19:03:09 GMT   GET   /vendor/jquery/jquery.js    0.162
e22d6bf4-5b9f-4e98-a50e-4ce67ee315bb Sat, 05 Nov 2016 19:03:10 GMT   GET   /    1.289
8d6822e0-ae1f-4b85-bc4c-02ddcd2cfe8f Sat, 05 Nov 2016 19:03:10 GMT   GET   /vendor/jquery/jquery.js    0.130
d555a0e5-4e69-49e8-a751-f8ba5c14cfe7 Sat, 05 Nov 2016 19:03:10 GMT   GET   /    3.130
faf826b6-d844-4106-a8e3-d4e76f932f12 Sat, 05 Nov 2016 19:03:11 GMT   GET   /vendor/jquery/jquery.js    0.198
354e4e5a-7cfb-47e2-b006-63faeecbc883 Sat, 05 Nov 2016 19:03:11 GMT   GET   /    3.532
b96a8935-a79d-4c38-b1ce-64737e181e54 Sat, 05 Nov 2016 19:03:11 GMT   GET   /vendor/jquery/jquery.js    0.582
377cb18a-3b0c-4ba7-bbbc-cc882f4e756f Sat, 05 Nov 2016 19:03:12 GMT   GET   /    0.763
f569b278-63a1-43b5-83a8-3e078e14ddea Sat, 05 Nov 2016 19:03:12 GMT   GET   /vendor/jquery/jquery.js    0.385
83a4db4f-451d-4a43-ba43-56e367e41c70 Sat, 05 Nov 2016 19:03:13 GMT   GET   /    1.236
06fc1ca2-a52d-4bb5-ba55-88c29261aee1 Sat, 05 Nov 2016 19:03:13 GMT   GET   /vendor/jquery/jquery.js    0.194
20d2f776-e186-4625-97ba-fc3205e58707 Sat, 05 Nov 2016 19:03:14 GMT   GET   /    3.264
d789104e-fa80-4b6c-9467-0ea2b90eea20 Sat, 05 Nov 2016 19:03:14 GMT   GET   /vendor/jquery/jquery.js    0.281
d2d4fc2e-1b11-45c4-9781-e21558a6c7ea Sat, 05 Nov 2016 19:03:15 GMT   GET   /    5.821
ef14f08e-38c8-4109-807c-7535308f358b Sat, 05 Nov 2016 19:03:15 GMT   GET   /vendor/jquery/jquery.js    0.221
826c794a-832c-480a-9326-4a767356d528 Sat, 05 Nov 2016 19:03:16 GMT   GET   /    1.158
ab023655-4bbc-4acf-8381-4a9f6056c1a9 Sat, 05 Nov 2016 19:03:16 GMT   GET   /vendor/jquery/jquery.js    0.175
fc2345da-92a0-4f8e-b441-197657e01821 Sat, 05 Nov 2016 19:03:17 GMT   GET   /    1.652
13cd56d5-4bb9-42f6-826d-d5151bb691f8 Sat, 05 Nov 2016 19:03:17 GMT   GET   /vendor/jquery/jquery.js    0.249
79010917-8234-4ad3-99f2-00ab47f621df Sat, 05 Nov 2016 19:03:18 GMT   GET   /    1.710
1a2c34a6-b4c7-4cbe-8f0d-76f84d9d5d90 Sat, 05 Nov 2016 19:03:18 GMT   GET   /vendor/jquery/jquery.js    0.166
37aba24d-9779-4f6d-8dd8-dae6a8a25763 Sat, 05 Nov 2016 19:03:18 GMT   GET   /    1.753
6e3c564d-59e6-41cb-98fc-fe387c3fefa0 Sat, 05 Nov 2016 19:03:19 GMT   GET   /vendor/jquery/jquery.js    0.211
aff913be-4eae-48db-8f5b-a601ff849498 Sat, 05 Nov 2016 19:03:20 GMT   GET   /    3.409
a204e6c2-651b-49ac-a6a6-0a5e71ba6896 Sat, 05 Nov 2016 19:03:20 GMT   GET   /vendor/jquery/jquery.js    1.955
41aace48-3fe4-43af-9d5e-4153d03afaa6 Sat, 05 Nov 2016 19:03:20 GMT   GET   /    2.407
e44ec85c-9481-4bdd-b915-b7ed65700001 Sat, 05 Nov 2016 19:03:21 GMT   GET   /vendor/jquery/jquery.js    0.166
50875f39-aa0a-47b1-8457-1e3f4ebf0298 Sat, 05 Nov 2016 19:03:21 GMT   GET   /    4.636
b7f1bac9-80d9-4a7d-af40-a06c65ed6e97 Sat, 05 Nov 2016 19:03:21 GMT   GET   /vendor/jquery/jquery.js    0.158
f324c1c4-6daa-4b26-a5cb-99c20710ee6c Sat, 05 Nov 2016 19:03:22 GMT   GET   /    1.146
eaabe499-d8e6-422a-a980-5d10be835cfb Sat, 05 Nov 2016 19:03:22 GMT   GET   /vendor/jquery/jquery.js    0.167
579723c9-3a1f-4407-b769-5cdde41ef931 Sat, 05 Nov 2016 19:03:23 GMT   GET   /    1.373
5e1cb56c-dcf7-400d-ab15-e84cacb9a042 Sat, 05 Nov 2016 19:03:23 GMT   GET   /vendor/jquery/jquery.js    0.173
30863ca1-03e7-4f39-89d0-896c9779411e Sat, 05 Nov 2016 19:03:24 GMT   GET   /    1.374
d88e629b-868b-4e9d-8de1-dd461a130d83 Sat, 05 Nov 2016 19:03:24 GMT   GET   /vendor/jquery/jquery.js    1.815
82cd2f33-ce0f-4343-b4fd-2a47a5804737 Sat, 05 Nov 2016 19:03:25 GMT   GET   /    1.076
512a8bc1-adbf-4640-a308-6d4e4bf3f26d Sat, 05 Nov 2016 19:03:25 GMT   GET   /vendor/jquery/jquery.js    0.186
1f9058ae-638a-40e9-a8c6-27102d586f59 Sat, 05 Nov 2016 19:03:26 GMT   GET   /    2.001
83d46313-679a-470e-9da9-bb0ea41d1c5a Sat, 05 Nov 2016 19:03:27 GMT   GET   /vendor/jquery/jquery.js    0.148
932b5612-e5f0-41ac-b9a8-155d43a884fb Sat, 05 Nov 2016 19:03:27 GMT   GET   /    6.781
1d77a564-c191-4eee-a0a9-19c2a94b317d Sat, 05 Nov 2016 19:03:28 GMT   GET   /vendor/jquery/jquery.js    0.201
52208e58-4d7c-454c-b863-d869b1822fcf Sat, 05 Nov 2016 19:03:28 GMT   GET   /    2.279
38ad620f-4b27-44fd-be17-2ab18c970762 Sat, 05 Nov 2016 19:03:28 GMT   GET   /vendor/jquery/jquery.js    0.147
cdbf97ff-446a-4917-bee8-10e7d070028c Sat, 05 Nov 2016 19:03:29 GMT   GET   /    1.026
04e479d5-a7d6-43a5-bba8-3fae71b1c4d0 Sat, 05 Nov 2016 19:03:29 GMT   GET   /vendor/jquery/jquery.js    0.135
6447cf24-767b-4f32-b466-9c851dfba926 Sat, 05 Nov 2016 19:03:30 GMT   GET   /    1.191
137d5514-3b01-4a44-8867-3b4f520fd9c7 Sat, 05 Nov 2016 19:03:30 GMT   GET   /vendor/jquery/jquery.js    0.813
b101383b-4511-4b24-a2a9-2f845a42369c Sat, 05 Nov 2016 19:03:31 GMT   GET   /    1.375
2ade604d-d33f-4e5a-84a7-5a03b05ad8ca Sat, 05 Nov 2016 19:03:31 GMT   GET   /vendor/jquery/jquery.js    0.155
d812dfb8-3e18-4b3f-bb50-6e4ed9c563f9 Sat, 05 Nov 2016 19:03:32 GMT   GET   /    1.342
87aade89-b40d-4ead-b1e3-7318580d7623 Sat, 05 Nov 2016 19:03:32 GMT   GET   /vendor/jquery/jquery.js    0.159
c4c990da-2717-4246-98b5-ccd51741382d Sat, 05 Nov 2016 19:03:33 GMT   GET   /    0.974
52efbda4-d0c1-4be8-aae5-cf4eade48d47 Sat, 05 Nov 2016 19:03:33 GMT   GET   /vendor/jquery/jquery.js    0.168
d75418b5-b8a8-4342-8213-8e0de04878c1 Sat, 05 Nov 2016 19:03:34 GMT   GET   /    0.804
02ef0110-2a7a-4064-9068-ff0f4f9894dd Sat, 05 Nov 2016 19:03:34 GMT   GET   /vendor/jquery/jquery.js    0.175
61faa7e0-9925-4a7d-9833-74a1746e17e4 Sat, 05 Nov 2016 19:03:35 GMT   GET   /    2.542
623e125e-e6e7-47f1-bb3a-6019301697de Sat, 05 Nov 2016 19:03:35 GMT   GET   /vendor/jquery/jquery.js    0.162
5871acba-6b46-4618-8b86-e486fd03eb82 Sat, 05 Nov 2016 19:03:35 GMT   GET   /    2.532
68a985fa-bbdc-4932-9d15-b03588af8e3f Sat, 05 Nov 2016 19:03:36 GMT   GET   /vendor/jquery/jquery.js    0.462
9623b333-3a94-4536-8e75-1b03acdbe229 Sat, 05 Nov 2016 19:03:36 GMT   GET   /    4.146
b645c3d6-ecf5-4833-8ac9-ca37fa9bec23 Sat, 05 Nov 2016 19:03:36 GMT   GET   /vendor/jquery/jquery.js    0.155
2a69c240-2e57-4dff-bb10-e0b77a91cb23 Sat, 05 Nov 2016 19:03:37 GMT   GET   /    0.880
1d2beada-c615-4746-9788-d8974276bf19 Sat, 05 Nov 2016 19:03:37 GMT   GET   /vendor/jquery/jquery.js    0.160
17f07c0f-41c7-4b9b-b34c-18a18b378c59 Sat, 05 Nov 2016 19:03:39 GMT   GET   /    1.124
ecfaff03-f37c-451a-a2b1-9c04c038bfc9 Sat, 05 Nov 2016 19:03:39 GMT   GET   /vendor/jquery/jquery.js    0.316
110574d7-3169-4d03-94e1-2e4867290634 Sat, 05 Nov 2016 19:03:40 GMT   GET   /    1.150
8b074c39-f492-4bb4-b024-4a57d1412183 Sat, 05 Nov 2016 19:03:40 GMT   GET   /vendor/jquery/jquery.js    0.146
a01956ba-5fa9-4944-9df1-3e0be63e2ecd Sat, 05 Nov 2016 19:03:41 GMT   GET   /    0.700
8021caa6-09ab-40da-85e7-b43aa521af99 Sat, 05 Nov 2016 19:03:41 GMT   GET   /vendor/jquery/jquery.js    0.309
2bfc71c6-1f48-4073-b8f4-a4433fdc6ef8 Sat, 05 Nov 2016 19:03:42 GMT   GET   /    1.294
44b6b649-13d0-4359-aff5-e2a882b8029c Sat, 05 Nov 2016 19:03:42 GMT   GET   /vendor/jquery/jquery.js    0.167
723b1bb1-104f-433e-8847-5196805320a8 Sat, 05 Nov 2016 19:03:43 GMT   GET   /    0.788
5572996b-bad1-4161-b917-5132ce3e47d2 Sat, 05 Nov 2016 19:03:43 GMT   GET   /vendor/jquery/jquery.js    0.187
a0a7ee07-28a2-4e1e-8cef-265164b9b118 Sat, 05 Nov 2016 19:03:44 GMT   GET   /    0.857
ed157f1e-4a5c-4594-b167-26371d8911e3 Sat, 05 Nov 2016 19:03:44 GMT   GET   /vendor/jquery/jquery.js    0.203
f06e6727-812d-4a5a-b8e7-13678a3671ec Sat, 05 Nov 2016 19:03:45 GMT   GET   /    1.137
8a6569be-34df-4827-b5bf-e1e778c9253b Sat, 05 Nov 2016 19:03:45 GMT   GET   /vendor/jquery/jquery.js    0.246
ed694448-65ac-481f-ab4a-79ba750386dc Sat, 05 Nov 2016 19:03:46 GMT   GET   /    2.785
a02e47a2-a981-4e49-9ea2-fbb1868b5e46 Sat, 05 Nov 2016 19:03:46 GMT   GET   /vendor/jquery/jquery.js    0.179
09a13f6c-3763-4d21-a551-8ec3ccdc9fcc Sat, 05 Nov 2016 19:03:47 GMT   GET   /    3.378
513fdf8f-db1a-4d77-8c0e-04fc6b7b592b Sat, 05 Nov 2016 19:03:47 GMT   GET   /vendor/jquery/jquery.js    0.175
9975a7c0-89cd-48a7-a840-1a8262219a82 Sat, 05 Nov 2016 19:03:48 GMT   GET   /    1.052
255e8c4b-add5-41d4-8e68-2cafa341bd08 Sat, 05 Nov 2016 19:03:48 GMT   GET   /vendor/jquery/jquery.js    0.154
0235a219-077f-497e-ba07-3c8341f9f0a8 Sat, 05 Nov 2016 19:03:49 GMT   GET   /    1.564
18cfd4d0-9f3c-4f5b-8bf0-7b28ea5babd1 Sat, 05 Nov 2016 19:03:49 GMT   GET   /vendor/jquery/jquery.js    0.162
ad35490b-00e7-44df-bc0e-7a4dd0e109dc Sat, 05 Nov 2016 19:03:50 GMT   GET   /    1.561
8355456b-f0c1-4a37-8d05-30600eee020c Sat, 05 Nov 2016 19:03:50 GMT   GET   /vendor/jquery/jquery.js    0.183
698ca066-0681-4146-9cf1-0e8f298ea70b Sat, 05 Nov 2016 19:03:51 GMT   GET   /    0.779
c77210da-510d-448e-b600-e1ecab005aac Sat, 05 Nov 2016 19:03:51 GMT   GET   /vendor/jquery/jquery.js    0.167
50213372-b416-40cb-bf80-356b7dbd4aa7 Sat, 05 Nov 2016 19:03:52 GMT   GET   /    2.331
4a376475-a6c1-42b9-acba-192011fd27ef Sat, 05 Nov 2016 19:03:52 GMT   GET   /vendor/jquery/jquery.js    0.169
11a8db2d-9f40-41fe-a3b4-6c86289737ce Sat, 05 Nov 2016 19:03:53 GMT   GET   /    1.169
dcf0933e-a922-4219-8ba3-21a76352fdd0 Sat, 05 Nov 2016 19:03:53 GMT   GET   /vendor/jquery/jquery.js    0.157
4053ca78-0c1b-4a9d-891d-62d1eab975bf Sat, 05 Nov 2016 19:03:54 GMT   GET   /    2.002
87ad54a3-03c3-4230-911f-fb42fd754ec5 Sat, 05 Nov 2016 19:03:54 GMT   GET   /vendor/jquery/jquery.js    0.195
dba6b649-a38f-4672-b610-e894a68c762a Sat, 05 Nov 2016 19:03:55 GMT   GET   /    1.038
d9da42fc-f95d-4fe1-86d7-f3f7b890fd3d Sat, 05 Nov 2016 19:03:55 GMT   GET   /vendor/jquery/jquery.js    0.317
a93e9c5d-fcbd-4b84-b418-f1afa80b3b46 Sat, 05 Nov 2016 19:03:56 GMT   GET   /    0.698
12a7f3b4-b35c-4deb-88da-04e9a4dbb355 Sat, 05 Nov 2016 19:03:56 GMT   GET   /vendor/jquery/jquery.js    0.149
f74b931f-bc0b-493d-89ed-e96653ff2d34 Sat, 05 Nov 2016 19:03:57 GMT   GET   /    1.236
65a12ce8-d34c-48fd-95cd-ed293b7c86f9 Sat, 05 Nov 2016 19:03:57 GMT   GET   /vendor/jquery/jquery.js    0.161
18440d1b-ed49-4757-ae7d-e3ab52e7cdae Sat, 05 Nov 2016 19:03:58 GMT   GET   /    1.117
85523086-504b-4f84-ad7c-8324ed9ad039 Sat, 05 Nov 2016 19:03:58 GMT   GET   /vendor/jquery/jquery.js    0.140
fcc4b800-47e4-4bad-a8c0-a001e6d137a7 Sat, 05 Nov 2016 19:03:59 GMT   GET   /    1.128
a45d2beb-188f-411b-91dd-59853df99888 Sat, 05 Nov 2016 19:03:59 GMT   GET   /vendor/jquery/jquery.js    0.139
950adcbe-5054-4c2b-9d49-8f5264b3e115 Sat, 05 Nov 2016 19:04:00 GMT   GET   /    1.324
c5a5f653-5442-490b-b711-452630698ed9 Sat, 05 Nov 2016 19:04:00 GMT   GET   /vendor/jquery/jquery.js    0.542
7132fdca-6e63-49d4-ab60-ee1a80074d97 Sat, 05 Nov 2016 19:04:01 GMT   GET   /    0.757
5bf319fa-9e06-4cde-9a72-839484013db8 Sat, 05 Nov 2016 19:04:01 GMT   GET   /vendor/jquery/jquery.js    0.145
6bbb81b7-0c52-4a61-968d-00794f326de2 Sat, 05 Nov 2016 19:04:02 GMT   GET   /    1.345
07078e27-01d7-4e9d-afa2-7402a334d594 Sat, 05 Nov 2016 19:04:02 GMT   GET   /vendor/jquery/jquery.js    0.128
4bb990f0-06f8-4081-bf3e-a5a8aa877aec Sat, 05 Nov 2016 19:04:03 GMT   GET   /    1.529
368e90c7-37ba-4698-b193-1d147ad17086 Sat, 05 Nov 2016 19:04:03 GMT   GET   /vendor/jquery/jquery.js    0.150
3247cc9f-95bf-4d2f-b396-fc012c2f8084 Sat, 05 Nov 2016 19:04:04 GMT   GET   /    1.106
bf1a03b0-36d6-448e-ae3b-54a4c2d3b763 Sat, 05 Nov 2016 19:04:04 GMT   GET   /vendor/jquery/jquery.js    9.276
62e3a6a6-72c9-4b1e-bfe0-75c3a4866557 Sat, 05 Nov 2016 19:04:05 GMT   GET   /    2.578
6bf847f4-a344-4135-b73e-ca5452da8a49 Sat, 05 Nov 2016 19:04:05 GMT   GET   /vendor/jquery/jquery.js    0.136
525c7f05-9bfd-49a9-9293-f8810a4081ec Sat, 05 Nov 2016 19:04:06 GMT   GET   /    1.065
d6ae7ac8-8e1b-4d14-8959-ed6d660d1292 Sat, 05 Nov 2016 19:04:06 GMT   GET   /vendor/jquery/jquery.js    0.166
017e7313-1e5c-4826-82c9-782094cc53b2 Sat, 05 Nov 2016 19:04:07 GMT   GET   /    2.083
6a23a593-5e7b-4a25-ac3e-fd2f7b924514 Sat, 05 Nov 2016 19:04:07 GMT   GET   /vendor/jquery/jquery.js    0.135
800b9d84-7ebd-4d24-b0da-67ff51b127a7 Sat, 05 Nov 2016 19:04:08 GMT   GET   /    1.539
85d1f579-a7bd-4c72-912c-d58081a139f9 Sat, 05 Nov 2016 19:04:08 GMT   GET   /vendor/jquery/jquery.js    0.137
b8d90a16-1d85-4bfc-abd1-84da3cec36dd Sat, 05 Nov 2016 19:04:09 GMT   GET   /    0.742
b40569c8-728b-49ef-8ab1-b9ad0c3d64d5 Sat, 05 Nov 2016 19:04:09 GMT   GET   /vendor/jquery/jquery.js    0.128
1ff3faa8-733d-46a1-8426-ef5ce419926d Sat, 05 Nov 2016 19:04:10 GMT   GET   /    3.336
d90393cc-40dd-42ef-9ad0-2dbc306f6218 Sat, 05 Nov 2016 19:04:10 GMT   GET   /vendor/jquery/jquery.js    0.163
2bb35c1f-e402-4d2e-99b7-3642bd55a269 Sat, 05 Nov 2016 19:04:11 GMT   GET   /    1.072
c36c854c-6960-41e2-b1b3-0ddf5167df3e Sat, 05 Nov 2016 19:04:11 GMT   GET   /vendor/jquery/jquery.js    0.134
d13f835a-b6fb-4bf6-b97e-35c6b31f9d99 Sat, 05 Nov 2016 19:04:13 GMT   GET   /    1.024
a99fea2a-bc59-47ec-a622-ca9eb0f64f29 Sat, 05 Nov 2016 19:04:13 GMT   GET   /vendor/jquery/jquery.js    0.172
e887e162-cf8c-4030-80b6-c952b50a7666 Sat, 05 Nov 2016 19:04:15 GMT   GET   /    0.693
85cf6a2a-e792-4350-afa1-4ee66e15d17e Sat, 05 Nov 2016 19:04:15 GMT   GET   /vendor/jquery/jquery.js    0.177
4b5bd850-5fd7-4767-b4d6-02d0b50124d2 Sat, 05 Nov 2016 19:04:16 GMT   GET   /    1.055
2d844f7d-d03a-4644-858d-b5851d3608fd Sat, 05 Nov 2016 19:04:16 GMT   GET   /vendor/jquery/jquery.js    0.156
130d8f3e-629c-472b-a036-3416f2957890 Sat, 05 Nov 2016 19:04:18 GMT   GET   /    1.329
697dfed0-1879-4be7-9198-328e32991720 Sat, 05 Nov 2016 19:04:18 GMT   GET   /vendor/jquery/jquery.js    0.329
3e8eda11-7bd0-436b-964f-311d1bfc30f5 Sat, 05 Nov 2016 19:04:20 GMT   GET   /    0.725
10b1b7fa-7aa1-4f33-96c7-aef40561ba76 Sat, 05 Nov 2016 19:04:20 GMT   GET   /vendor/jquery/jquery.js    0.164
9060a737-e5f4-4256-86a4-980e42801128 Sat, 05 Nov 2016 19:04:22 GMT   GET   /    0.752
1bd656ec-74f9-409a-95f1-0634239143b5 Sat, 05 Nov 2016 19:04:22 GMT   GET   /vendor/jquery/jquery.js    0.139
7761090b-d3b7-47ea-b1ce-3ab27190eede Sat, 05 Nov 2016 19:04:23 GMT   GET   /    1.380
977c0ac8-16c9-469d-8eb3-6749f5d6a42a Sat, 05 Nov 2016 19:04:23 GMT   GET   /vendor/jquery/jquery.js    0.143
0a5010f6-5b0f-49ad-a949-e834017d0fde Sat, 05 Nov 2016 19:04:25 GMT   GET   /    0.753
a17da0dd-5170-4f9b-8944-f86e15e3a984 Sat, 05 Nov 2016 19:04:25 GMT   GET   /vendor/jquery/jquery.js    0.127
153ff305-dd43-41ac-bb8c-a314d1a2acc3 Sat, 05 Nov 2016 19:04:26 GMT   GET   /    1.289
62a5d2c9-3d2a-448c-a25d-c7bcc6b57440 Sat, 05 Nov 2016 19:04:26 GMT   GET   /vendor/jquery/jquery.js    0.166
bee33264-5baa-481b-9e37-778c488056d0 Sat, 05 Nov 2016 19:04:28 GMT   GET   /    1.227
706e56c1-2708-4a8d-bef3-6399bd735fa2 Sat, 05 Nov 2016 19:04:28 GMT   GET   /vendor/jquery/jquery.js    0.134
d5afa148-b50c-4142-8cfa-d56c2431d425 Sat, 05 Nov 2016 19:04:30 GMT   GET   /    1.780
58e10635-3656-44e3-84de-c3b4357c69ed Sat, 05 Nov 2016 19:04:30 GMT   GET   /vendor/jquery/jquery.js    0.091
843cba8c-cfd9-4e87-b323-9bfb118077fb Sat, 05 Nov 2016 19:04:31 GMT   GET   /    1.509
6e5a341f-8bee-4e5d-8981-d6dab88c059d Sat, 05 Nov 2016 19:04:31 GMT   GET   /vendor/jquery/jquery.js    0.151
6da45135-9aa7-4897-825b-9229ee97999b Sat, 05 Nov 2016 19:04:32 GMT   GET   /    1.795
edc32f59-230f-4c1f-9a64-164eb1f45afe Sat, 05 Nov 2016 19:04:32 GMT   GET   /vendor/jquery/jquery.js    0.179
bd97de5a-797f-4587-85ee-9b00006cecc0 Sat, 05 Nov 2016 19:04:34 GMT   GET   /    2.300
28d6fd2b-25e0-4c54-9937-8a80b7f32399 Sat, 05 Nov 2016 19:04:34 GMT   GET   /vendor/jquery/jquery.js    0.166
3e3e2c25-924b-467e-b8a5-1ea5109e68b7 Sat, 05 Nov 2016 19:04:35 GMT   GET   /    2.382
60828e97-7186-4175-98e9-84a137b141ef Sat, 05 Nov 2016 19:04:35 GMT   GET   /vendor/jquery/jquery.js    0.299
90514680-e72b-47af-a729-4cbe94edc88f Sat, 05 Nov 2016 19:04:37 GMT   GET   /    9.997
45ea4b5a-18bb-45c3-ae9d-ec5460dc2da7 Sat, 05 Nov 2016 19:04:37 GMT   GET   /vendor/jquery/jquery.js    2.506
a96cb2f5-85a6-4d2a-bd63-ebe3ad444cee Sat, 05 Nov 2016 19:04:39 GMT   GET   /    1.889
3d38c4aa-b3be-4785-b16f-ad94445c4b92 Sat, 05 Nov 2016 19:04:39 GMT   GET   /vendor/jquery/jquery.js    0.435
6ccaa3da-5d9c-4da4-aee6-4f5c95178a62 Sat, 05 Nov 2016 19:04:56 GMT   GET   /    26.969
bc1b043a-12ac-4527-9ce7-dfd754155575 Sat, 05 Nov 2016 19:04:56 GMT   GET   /vendor/jquery/jquery.js    2.045
1df048ea-488c-4280-ae13-8182cbc2fe45 Sat, 05 Nov 2016 19:04:57 GMT   GET   /    4.438
ea57c4b0-345e-44ec-8efe-49331ff27975 Sat, 05 Nov 2016 19:04:57 GMT   GET   /vendor/jquery/jquery.js    0.480
3a5e770a-a765-4ad8-9682-640c88c50c32 Sat, 05 Nov 2016 19:04:58 GMT   GET   /    3.193
1d195890-d426-4656-8c0a-433010f41719 Sat, 05 Nov 2016 19:04:58 GMT   GET   /vendor/jquery/jquery.js    0.195
1ffe509b-78a3-45a7-b03f-8d41b92f411e Sat, 05 Nov 2016 19:04:59 GMT   GET   /    1.419
fc41c13a-119a-4f4f-a2dc-5a6a40978505 Sat, 05 Nov 2016 19:04:59 GMT   GET   /vendor/jquery/jquery.js    0.167
c6932705-4448-480f-852e-df26605fade0 Sat, 05 Nov 2016 19:05:00 GMT   GET   /    2.146
96c9cf3b-59f7-4681-8516-935bb0fd51e6 Sat, 05 Nov 2016 19:05:00 GMT   GET   /vendor/jquery/jquery.js    0.257
b05eb8d0-5fd1-4993-9269-0c5cd844ebfe Sat, 05 Nov 2016 19:05:01 GMT   GET   /    1.332
228e9a95-142e-49f5-b115-c934dab5e66e Sat, 05 Nov 2016 19:05:01 GMT   GET   /vendor/jquery/jquery.js    0.234
d2e6d392-1e31-4ade-81cf-b767d82eb443 Sat, 05 Nov 2016 19:05:02 GMT   GET   /    1.273
809bfdc0-1093-4d89-a55d-02ff40950d7e Sat, 05 Nov 2016 19:05:02 GMT   GET   /vendor/jquery/jquery.js    0.215
071d76bb-0217-4416-bf3e-93c7a503049d Sat, 05 Nov 2016 19:05:03 GMT   GET   /    3.804
c9c67dcc-9edc-417c-89eb-78ec674d0a12 Sat, 05 Nov 2016 19:05:03 GMT   GET   /vendor/jquery/jquery.js    1.047
6e8c721b-7abc-40ca-81f4-cec66390202d Sat, 05 Nov 2016 19:05:04 GMT   GET   /    1.305
bbafe83b-159d-40bf-b5d0-d66e841b7f1d Sat, 05 Nov 2016 19:05:04 GMT   GET   /vendor/jquery/jquery.js    0.176
e1f562bc-bebe-48d7-941b-624e09d040e4 Sat, 05 Nov 2016 19:05:05 GMT   GET   /    1.633
2091ae5d-9f88-46d8-8a47-85daa9a0b8e5 Sat, 05 Nov 2016 19:05:05 GMT   GET   /vendor/jquery/jquery.js    0.166
384fbd64-0f06-4701-8f1c-d82724912c42 Sat, 05 Nov 2016 19:05:06 GMT   GET   /    6.877
cfcee6bc-100a-4f68-be3a-cc0683743a8f Sat, 05 Nov 2016 19:05:06 GMT   GET   /vendor/jquery/jquery.js    0.206
adc1c98e-1a27-4bad-9c38-391d4eff791b Sat, 05 Nov 2016 19:05:07 GMT   GET   /    1.750
edf51248-f45d-4bb7-9d2e-6a7f78d47a98 Sat, 05 Nov 2016 19:05:07 GMT   GET   /vendor/jquery/jquery.js    0.186
f4d996cd-db46-4065-8e18-e5e45f8dec64 Sat, 05 Nov 2016 19:05:08 GMT   GET   /    1.228
2d5ec5ac-fecc-4221-9d25-b76ba7cc231b Sat, 05 Nov 2016 19:05:08 GMT   GET   /vendor/jquery/jquery.js    0.407
9db6b31d-b55e-4861-9249-6fdce71dc104 Sat, 05 Nov 2016 19:05:08 GMT   GET   /    1.569
f6a8c7b9-f3fb-4354-84a5-53a2e909fa35 Sat, 05 Nov 2016 19:05:08 GMT   GET   /vendor/jquery/jquery.js    0.191
6b261d87-37f0-4373-96b6-5431be7a778f Sat, 05 Nov 2016 19:05:09 GMT   GET   /    1.093
006d1137-a6cd-48fa-8e5d-bc23269b61a8 Sat, 05 Nov 2016 19:05:09 GMT   GET   /vendor/jquery/jquery.js    1.025
0c1109ed-8267-41dd-981f-11a2a957afa2 Sat, 05 Nov 2016 19:05:10 GMT   GET   /    1.665
3f94f67d-656c-4b7a-8eec-17174aa3e738 Sat, 05 Nov 2016 19:05:10 GMT   GET   /vendor/jquery/jquery.js    0.387
0be20dcf-5934-4f1a-a242-da26dc782c08 Sat, 05 Nov 2016 19:05:10 GMT   GET   /    2.757
f6ddcf7c-d2aa-4bbb-939c-bacbb1943402 Sat, 05 Nov 2016 19:05:11 GMT   GET   /vendor/jquery/jquery.js    0.215
1a279326-34d1-4981-a13d-e3d0feeb59f2 Sat, 05 Nov 2016 19:05:11 GMT   GET   /    3.156
14936a65-11cf-47be-946e-fb4d2f6f6ce1 Sat, 05 Nov 2016 19:05:11 GMT   GET   /vendor/jquery/jquery.js    0.165
70f6807e-5eb1-4d4d-bfca-bdcda42ae638 Sat, 05 Nov 2016 19:05:12 GMT   GET   /    2.857
b10b23b8-f07c-4387-9b96-f5a44de69af5 Sat, 05 Nov 2016 19:05:12 GMT   GET   /vendor/jquery/jquery.js    0.168
c5ebf62a-fbba-44d0-b2a5-53971d4b9804 Sat, 05 Nov 2016 19:05:13 GMT   GET   /    1.812
36b50e79-70ee-46b8-977f-a602ac29c0d6 Sat, 05 Nov 2016 19:05:13 GMT   GET   /vendor/jquery/jquery.js    0.246
9a006f27-6283-4716-b8a5-52802ad17e0b Sat, 05 Nov 2016 19:05:13 GMT   GET   /    4.690
ccea2f91-dfc4-409c-8501-8ab3f9fdea3e Sat, 05 Nov 2016 19:05:13 GMT   GET   /vendor/jquery/jquery.js    0.322
b9803c43-5655-42c2-8c9b-ca7d66643f96 Sat, 05 Nov 2016 19:05:14 GMT   GET   /    1.101
4a9a437a-df6d-4022-94a4-3b7ff2a581a7 Sat, 05 Nov 2016 19:05:14 GMT   GET   /vendor/jquery/jquery.js    0.220
201a8575-57c2-4c86-a8ac-c4305840196a Sat, 05 Nov 2016 19:05:15 GMT   GET   /    1.266
61e330a0-f474-4177-8379-a9de2b6fc3a5 Sat, 05 Nov 2016 19:05:15 GMT   GET   /vendor/jquery/jquery.js    0.201
4a9ebc46-1101-4555-916a-96f9b827b6ed Sat, 05 Nov 2016 19:05:16 GMT   GET   /    1.210
9fba99f6-a7e4-4494-b771-a5d4829eb034 Sat, 05 Nov 2016 19:05:16 GMT   GET   /vendor/jquery/jquery.js    0.463
82664803-0125-4d49-a515-617304ff8930 Sat, 05 Nov 2016 19:05:16 GMT   GET   /    2.143
570a478f-3fc4-49a1-ad20-4179e1683159 Sat, 05 Nov 2016 19:05:16 GMT   GET   /vendor/jquery/jquery.js    0.470
7fe8b02c-2a91-4479-ab15-d0a414eaa9c8 Sat, 05 Nov 2016 19:05:17 GMT   GET   /    2.168
c3656bb8-c472-4348-93e6-f5c213485ab3 Sat, 05 Nov 2016 19:05:17 GMT   GET   /vendor/jquery/jquery.js    0.190
9a8dde11-8cdc-43fd-abaf-6d4ae8ec6118 Sat, 05 Nov 2016 19:05:18 GMT   GET   /    10.661
c5e113fa-299b-4cec-81a3-71d15ddc6d03 Sat, 05 Nov 2016 19:05:18 GMT   GET   /vendor/jquery/jquery.js    0.247
0ff48da2-c60d-41b6-af40-5d314ebbddb3 Sat, 05 Nov 2016 19:06:04 GMT   GET   /    38.120
100e290b-2f5d-4d35-8d21-151c7fb4804a Sat, 05 Nov 2016 19:06:04 GMT   GET   /vendor/jquery/dist/query.js    0.271
a4cac4bc-292e-47bd-b6d7-b0d900b351a7 Sat, 05 Nov 2016 19:06:05 GMT   GET   /    1.947
592b7906-767c-4ed4-9d27-a8c3b59f5281 Sat, 05 Nov 2016 19:06:06 GMT   GET   /vendor/jquery/dist/query.js    0.201
d50d17d9-2601-4da1-a2eb-7da9695b4ecc Sat, 05 Nov 2016 19:06:07 GMT   GET   /    5.430
bb2bd222-bf27-4218-af0a-80c6652554dc Sat, 05 Nov 2016 19:06:07 GMT   GET   /vendor/jquery/dist/query.js    0.260
6b8d640d-ea09-4060-98da-3f10c1ff8a20 Sat, 05 Nov 2016 19:06:08 GMT   GET   /    2.693
7ddfbdb4-b023-40b3-a4dc-320e46c34868 Sat, 05 Nov 2016 19:06:08 GMT   GET   /vendor/jquery/dist/query.js    0.168
85bdfd36-6cd9-4fc9-bd06-88f432f71e44 Sat, 05 Nov 2016 19:06:08 GMT   GET   /    1.387
39039719-4a02-4058-b1ac-52904506412d Sat, 05 Nov 2016 19:06:09 GMT   GET   /vendor/jquery/dist/query.js    0.212
eece7050-9fac-4045-ba51-edbace5c42d0 Sat, 05 Nov 2016 19:06:09 GMT   GET   /    3.046
ad90562a-7688-4ea1-8813-7ccea1ac4968 Sat, 05 Nov 2016 19:06:09 GMT   GET   /vendor/jquery/dist/query.js    1.589
ec1db299-add3-4b12-a9fe-71ec94be7c87 Sat, 05 Nov 2016 19:06:10 GMT   GET   /    2.002
8a75033f-9d85-4174-a003-000817b81f1d Sat, 05 Nov 2016 19:06:10 GMT   GET   /vendor/jquery/dist/query.js    0.167
2c4e4e64-05eb-4359-a5eb-797e13ebc06e Sat, 05 Nov 2016 19:06:11 GMT   GET   /    1.185
633e323a-a1c1-4c42-8947-f76fa0fc5ac4 Sat, 05 Nov 2016 19:06:11 GMT   GET   /vendor/jquery/dist/query.js    0.258
b0cc2669-4f9e-4753-98b3-b7d8db38238d Sat, 05 Nov 2016 19:06:11 GMT   GET   /    1.063
b3be3f23-8526-462c-b5d1-21ddd9e241e2 Sat, 05 Nov 2016 19:06:11 GMT   GET   /vendor/jquery/dist/query.js    0.186
4793e406-03b3-4554-9de1-e697cc8731bb Sat, 05 Nov 2016 19:06:12 GMT   GET   /    1.508
1875a4ea-20a3-4eb2-9316-f5edbc149620 Sat, 05 Nov 2016 19:06:12 GMT   GET   /vendor/jquery/dist/query.js    0.183
80d5d16a-3d41-4a22-87e8-2d5f8a9217bb Sat, 05 Nov 2016 19:06:13 GMT   GET   /    5.721
6c243dcc-52c8-4d1a-99b3-2aa06051e2c6 Sat, 05 Nov 2016 19:06:13 GMT   GET   /vendor/jquery/dist/query.js    0.252
9d3af3e4-f892-4f54-a9c8-b357c37198d7 Sat, 05 Nov 2016 19:06:13 GMT   GET   /    1.267
6e6e81ab-cfc0-41c9-a008-3937677ae66b Sat, 05 Nov 2016 19:06:13 GMT   GET   /vendor/jquery/dist/query.js    0.182
b3133cc6-6878-4b9b-aa89-a27f0cac3d89 Sat, 05 Nov 2016 19:06:14 GMT   GET   /    2.899
57ebc53c-1574-446d-9a4d-33f0537d57ac Sat, 05 Nov 2016 19:06:14 GMT   GET   /vendor/jquery/dist/query.js    0.166
7de69a2f-e9db-48ca-9ad6-0edd3f0588da Sat, 05 Nov 2016 19:06:15 GMT   GET   /    1.289
bd73a90d-3ee2-49d3-be6b-1b70eb2c1622 Sat, 05 Nov 2016 19:06:15 GMT   GET   /vendor/jquery/dist/query.js    0.231
0dda6c95-698e-45ad-a3fa-8b69c42f70b1 Sat, 05 Nov 2016 19:06:16 GMT   GET   /    2.272
3cec8d1d-d1d1-4611-9397-4c88bec6bb97 Sat, 05 Nov 2016 19:06:16 GMT   GET   /vendor/jquery/dist/query.js    0.146
ebec021d-c26e-41a4-ad25-ac2c2bd9c8ce Sat, 05 Nov 2016 19:06:16 GMT   GET   /    1.547
ba0c4529-94ec-49e8-af52-2dea7afa55e6 Sat, 05 Nov 2016 19:06:16 GMT   GET   /vendor/jquery/dist/query.js    0.147
0efcdc48-795e-4575-9fc6-a2f20e8db746 Sat, 05 Nov 2016 19:06:17 GMT   GET   /    1.999
fb8a88d8-1871-4b90-bdb8-1f108771aadd Sat, 05 Nov 2016 19:06:17 GMT   GET   /vendor/jquery/dist/query.js    0.160
7c79edc6-0b4c-44d3-9c57-02b9e5d059c1 Sat, 05 Nov 2016 19:06:18 GMT   GET   /    0.790
a500c02a-7f16-45e9-bc50-9df719de9c74 Sat, 05 Nov 2016 19:06:18 GMT   GET   /vendor/jquery/dist/query.js    0.154
b0ddc178-964c-4934-8140-8b9241697320 Sat, 05 Nov 2016 19:06:18 GMT   GET   /    0.582
70abb487-0bc0-4ade-862d-dd94149d2740 Sat, 05 Nov 2016 19:06:18 GMT   GET   /vendor/jquery/dist/query.js    0.169
5518dee5-08f9-46d6-a30f-c24c47604b05 Sat, 05 Nov 2016 19:06:19 GMT   GET   /    1.103
d1b6796f-cb76-446d-a268-c7cc7ecd0f2f Sat, 05 Nov 2016 19:06:19 GMT   GET   /vendor/jquery/dist/query.js    0.156
a5ef8dca-bb11-4de3-a925-f7ff65e3834a Sat, 05 Nov 2016 19:06:20 GMT   GET   /    1.564
d9c29126-0670-4309-91f7-ef94e161201a Sat, 05 Nov 2016 19:06:20 GMT   GET   /vendor/jquery/dist/query.js    0.604
c0688768-b240-49fd-8b22-aa40c31d2572 Sat, 05 Nov 2016 19:06:21 GMT   GET   /    0.975
623c244f-f8eb-4254-8572-0128eb62a21c Sat, 05 Nov 2016 19:06:21 GMT   GET   /vendor/jquery/dist/query.js    0.154
bc9626c8-ecc2-49d8-ad98-ad9d15d9524c Sat, 05 Nov 2016 19:06:21 GMT   GET   /    3.628
23263bc8-9ab3-479f-9aa2-729143f1d297 Sat, 05 Nov 2016 19:06:21 GMT   GET   /vendor/jquery/dist/query.js    0.118
6e7dd1b0-ba72-449a-a96d-a711930d627e Sat, 05 Nov 2016 19:06:23 GMT   GET   /    8.022
226289a6-0606-446e-98fb-4258b15206d1 Sat, 05 Nov 2016 19:06:23 GMT   GET   /vendor/jquery/dist/query.js    0.226
61816254-caad-473b-a51b-fc3c86b83bec Sat, 05 Nov 2016 19:06:45 GMT   GET   /    3.976
f191f989-396e-44f1-96c3-d432839d6a3a Sat, 05 Nov 2016 19:06:55 GMT   GET   /    3.168
60992e6a-3402-427a-8f09-94d433061403 Sat, 05 Nov 2016 19:06:56 GMT   GET   /    2.144
1cf895c3-f53a-4cc2-a23e-84c708217d5d Sat, 05 Nov 2016 19:06:57 GMT   GET   /    1.256
fbb26752-10a9-41a1-bde3-09e86b2f585f Sat, 05 Nov 2016 19:06:58 GMT   GET   /    1.200
ab091b26-84bd-4fad-9f0b-47e6bc911f0d Sat, 05 Nov 2016 19:06:59 GMT   GET   /    2.753
29106cf8-fb3b-4ef8-9312-aee289c49b10 Sat, 05 Nov 2016 19:06:59 GMT   GET   /    1.534
078949b4-1a7b-442d-8911-62345a453ac6 Sat, 05 Nov 2016 19:07:01 GMT   GET   /    3.328
19b3db26-fa72-4ac8-8621-b0060d72cfcc Sat, 05 Nov 2016 19:07:01 GMT   GET   /    1.472
3603a6b2-85b8-4535-a9fd-73ae650de443 Sat, 05 Nov 2016 19:07:02 GMT   GET   /    1.353
1b6e4826-942f-464d-8f24-ab66589622a6 Sat, 05 Nov 2016 19:07:03 GMT   GET   /    1.819
92ee542c-6f20-447f-b1ec-f7b499e34d86 Sat, 05 Nov 2016 19:07:04 GMT   GET   /    3.015
5af1ee0b-b39b-4695-8770-4b2f674c96c4 Sat, 05 Nov 2016 19:07:05 GMT   GET   /    4.510
c805e3e3-6368-424c-a7b8-26801a4b46f5 Sat, 05 Nov 2016 19:07:06 GMT   GET   /    2.310
2a870aaa-0853-49d0-8f94-e148948bffca Sat, 05 Nov 2016 19:07:07 GMT   GET   /    11.982
078d6533-75a8-4f73-a647-85a716287434 Sat, 05 Nov 2016 19:07:08 GMT   GET   /    2.746
1fa2de2e-103a-4667-9f2a-a58f310b5b21 Sat, 05 Nov 2016 19:07:09 GMT   GET   /    2.313
1a7876ca-3723-43d7-9d94-90498d73072b Sat, 05 Nov 2016 19:07:11 GMT   GET   /    1.649
69a06ff6-f3b6-4c1b-a03c-cb835ca4534c Sat, 05 Nov 2016 19:07:11 GMT   GET   /    1.310
b680d2bc-ae97-4c44-93b1-92ea419bfe05 Sat, 05 Nov 2016 19:07:12 GMT   GET   /    1.575
c5795528-6c08-4efd-a0ac-9011de70ece8 Sat, 05 Nov 2016 19:07:13 GMT   GET   /    0.667
e9238cd3-bbb8-4321-b7e7-00de66918796 Sat, 05 Nov 2016 19:07:14 GMT   GET   /    1.184
0ef400f5-c6cf-4f60-b2d3-281fbe8014f6 Sat, 05 Nov 2016 19:07:15 GMT   GET   /    1.818
f9e0c049-b49c-4919-8713-6e870678aeed Sat, 05 Nov 2016 19:07:16 GMT   GET   /    13.469
e19a322a-6b60-447d-91bf-7bbc2b19d02b Sat, 05 Nov 2016 19:07:17 GMT   GET   /    1.635
2d16433e-64c7-4041-9efd-922ef84a65e0 Sat, 05 Nov 2016 19:07:18 GMT   GET   /    1.947
296cd21e-aefe-47e4-b89b-52f9899c93f0 Sat, 05 Nov 2016 19:07:19 GMT   GET   /    1.376
b92b87b8-ac7c-4d36-9e3d-2654782f763f Sat, 05 Nov 2016 19:07:20 GMT   GET   /    3.450
ef56f6ba-3299-40ca-b91d-4f960bb8ca89 Sat, 05 Nov 2016 19:07:21 GMT   GET   /    0.626
7acfe161-2c89-4bb1-afa4-e51f3ae9ea85 Sat, 05 Nov 2016 19:07:22 GMT   GET   /    1.122
2e79891a-f6f0-40c0-9766-24f4fd128f16 Sat, 05 Nov 2016 19:07:23 GMT   GET   /    3.319
041f3f8c-0420-4c4e-af67-31b5c1235aac Sat, 05 Nov 2016 19:07:23 GMT   GET   /    1.016
0d3501cb-4929-4511-b5ba-a5520d0faafa Sat, 05 Nov 2016 19:07:36 GMT   GET   /    2.822
1f81ad22-7655-4461-b34b-fc80d643e9ca Sat, 05 Nov 2016 19:07:50 GMT   GET   /    3.367
f0755e2d-186f-40e5-90d5-2a01c8fbd7dd Sat, 05 Nov 2016 19:08:00 GMT   GET   /    1.051
60433012-92e9-4f94-9212-a062a1d69e9d Sat, 05 Nov 2016 19:08:34 GMT   GET   /    3.504
12752524-79a9-44a7-9912-bd59f3d97ebd Sat, 05 Nov 2016 19:09:24 GMT   GET   /    24.848
29e3e937-1688-435d-9c0f-a11ecc004e4a Sat, 05 Nov 2016 19:09:26 GMT   GET   /    2.886
1fd3b3de-b68e-4512-8f04-79a074b6eb6f Sat, 05 Nov 2016 19:09:26 GMT   GET   /    0.970
19ca231f-7745-425e-bb38-9f4d5941af9b Sat, 05 Nov 2016 19:09:27 GMT   GET   /    1.284
b15aca70-06b0-432b-8f94-418ca515f4b5 Sat, 05 Nov 2016 19:09:28 GMT   GET   /    1.757
f26f05bc-4be3-47c1-a85b-ec5efb486873 Sat, 05 Nov 2016 19:09:29 GMT   GET   /    1.169
f7f97d18-f19b-43c4-bf16-d93331bb0482 Sat, 05 Nov 2016 19:09:30 GMT   GET   /    1.153
554eca04-75b0-45be-8704-2441b5df1cbb Sat, 05 Nov 2016 19:09:31 GMT   GET   /    2.485
9925560a-f639-4de7-8028-9aebf343a73b Sat, 05 Nov 2016 19:09:32 GMT   GET   /    4.730
3c11982e-464f-4374-a759-79da2fe26385 Sat, 05 Nov 2016 19:09:33 GMT   GET   /    1.676
ef0a400b-0f13-46fa-a003-67b746cb984e Sat, 05 Nov 2016 19:09:34 GMT   GET   /    1.133
0b3ef0ed-c980-4432-86f3-8565043ae1c9 Sat, 05 Nov 2016 19:09:34 GMT   GET   /    1.699
1a27eccf-4a03-415e-9ecd-9fa86666ac6e Sat, 05 Nov 2016 19:09:37 GMT   GET   /    57.401
9bebe8a2-fb2e-4170-aa5d-b860b76e620a Sat, 05 Nov 2016 19:09:38 GMT   GET   /    3.332
42bbef40-84ad-4151-b2e7-fb9ce37c10f0 Sat, 05 Nov 2016 19:09:39 GMT   GET   /    2.513
90aae6de-4c43-4315-8b26-5d296c3bcae8 Sat, 05 Nov 2016 19:09:40 GMT   GET   /    1.846
07b60770-c1b2-4a7e-94b5-ea3a727b1e13 Sat, 05 Nov 2016 19:09:41 GMT   GET   /    1.486
073d7a9a-a78c-4473-8fca-badf2b556048 Sat, 05 Nov 2016 19:09:42 GMT   GET   /    1.010
e0cdf207-f736-442f-b1ff-d9949f4c2442 Sat, 05 Nov 2016 19:09:43 GMT   GET   /    1.141
4c9ca4cf-796f-40c9-9e63-d7a74a965aa7 Sat, 05 Nov 2016 19:09:44 GMT   GET   /    2.603
277fe7fb-ef2b-4140-b663-89636a95faf8 Sat, 05 Nov 2016 19:09:45 GMT   GET   /    1.071
0cca8846-594f-4169-9ddb-ff185a1280dd Sat, 05 Nov 2016 19:09:46 GMT   GET   /    1.077
7d1b4402-25ab-483a-8c82-d1a922faa2e9 Sat, 05 Nov 2016 19:09:46 GMT   GET   /    2.591
4c2851f9-e2d0-4847-9940-6482a95a6328 Sat, 05 Nov 2016 19:09:47 GMT   GET   /    1.894
dd31a754-aaa7-4ba7-87b5-acaf1977f680 Sat, 05 Nov 2016 19:09:48 GMT   GET   /    0.941
dbf744c7-9282-4e51-b2f2-1ad17a5c5bf0 Sat, 05 Nov 2016 19:09:51 GMT   GET   /    16.370
06372bf5-d93a-47d9-8d0b-773a8bc95d0d Sat, 05 Nov 2016 19:10:00 GMT   GET   /    2.192
b0d4f36c-c9d1-4de6-9db6-e452d52ad3ce Sat, 05 Nov 2016 19:10:01 GMT   GET   /    1.448
0ee36402-99ee-44bb-a711-8cafdd3517d4 Sat, 05 Nov 2016 19:10:02 GMT   GET   /    1.254
00c17481-e2ae-4c1c-bf28-25ef2ae3cc00 Sat, 05 Nov 2016 19:10:03 GMT   GET   /    2.343
5be03f6b-01dd-453b-8eac-5bf361d22f66 Sat, 05 Nov 2016 19:10:04 GMT   GET   /    2.088
2372ce0a-aca4-47e6-9181-c7bf5d3ba3c8 Sat, 05 Nov 2016 19:10:05 GMT   GET   /    1.285
81eebf53-cd8d-4703-9258-613eeed7b7ee Sat, 05 Nov 2016 19:10:06 GMT   GET   /    1.955
f1d903a2-afd4-474d-8e9d-c1791bf842a9 Sat, 05 Nov 2016 19:10:07 GMT   GET   /    3.832
093af7a1-7aa7-4385-ac81-96f5cf636e8a Sat, 05 Nov 2016 19:10:08 GMT   GET   /    1.125
c22d22f5-f825-4503-9d54-6c3a8ad3533f Sat, 05 Nov 2016 19:10:08 GMT   GET   /    1.258
9e45ca09-748e-467b-bb94-f7b5371b53fa Sat, 05 Nov 2016 19:10:09 GMT   GET   /    2.370
701d5f95-72bf-4e66-b71f-bc6cb3b0464e Sat, 05 Nov 2016 19:10:10 GMT   GET   /    1.407
dfaefc50-35b2-434f-ac39-395d73ec8e61 Sat, 05 Nov 2016 19:10:11 GMT   GET   /    1.423
b2358497-b51d-44d2-923c-21e1f047d34d Sat, 05 Nov 2016 19:10:11 GMT   GET   /    1.169
19598efb-f089-463a-9aa8-a1ba66b03ab7 Sat, 05 Nov 2016 19:10:12 GMT   GET   /    2.206
95bf4dfe-3640-4d00-9de7-41c4c38baf7c Sat, 05 Nov 2016 19:10:13 GMT   GET   /    2.428
abf4cdc8-9d3f-4cc5-9d97-788a28cb563e Sat, 05 Nov 2016 19:10:14 GMT   GET   /    1.462
db2965f0-8ffe-4e70-8398-308182a79b15 Sat, 05 Nov 2016 19:10:20 GMT   GET   /    14.319
a953748c-ce13-4f9c-bdc5-c8c7afe79ee3 Sat, 05 Nov 2016 19:10:33 GMT   GET   /    14.469
f6cd9884-6d87-4561-b8c1-35dc7e2827d6 Sat, 05 Nov 2016 19:12:02 GMT   GET   /    17.215
67755c94-8496-44d0-aa4a-e6c2edc96248 Sat, 05 Nov 2016 19:12:19 GMT   GET   /    11.318
9f192d62-591d-4f11-8b9f-7738dea9e4bf Sat, 05 Nov 2016 19:13:11 GMT   GET   /    12.757
e0443e6c-52d6-44fb-a710-b87c2d17eac5 Sat, 05 Nov 2016 19:13:59 GMT   GET   /    31.184
d5c134be-958c-4cc4-864f-48a3c8734b01 Sat, 05 Nov 2016 19:20:04 GMT   GET   /    15.939
60bdc513-f6c3-4afb-bf5b-5024b3f3b371 Sat, 05 Nov 2016 19:20:05 GMT   GET   /    3.643
02dde756-6cd3-43c7-9ec5-55d9eaf6ac5a Sat, 05 Nov 2016 19:20:06 GMT   GET   /    2.063
a044c395-c7ce-40b2-8dc7-9a3012109770 Sat, 05 Nov 2016 19:20:07 GMT   GET   /    2.018
55a01f88-1850-4301-89fa-540c3e53b951 Sat, 05 Nov 2016 19:20:08 GMT   GET   /    2.326
d8fc34f2-5028-47ec-8803-09f82bc0f3a5 Sat, 05 Nov 2016 19:20:09 GMT   GET   /    1.066
54337d9e-0106-4a7b-9583-522ceadb0076 Sat, 05 Nov 2016 19:20:10 GMT   GET   /    1.012
913993df-3fff-446d-845b-9069b6d28fa1 Sat, 05 Nov 2016 19:20:11 GMT   GET   /    3.662
baece8a6-cc3b-4948-970d-226f98eb6ed1 Sat, 05 Nov 2016 19:20:12 GMT   GET   /    6.283
a262a038-825e-4fcd-8d89-73aa43d9ae29 Sat, 05 Nov 2016 19:20:12 GMT   GET   /    2.699
e038d6a9-6be4-4325-9b5d-05876fdb6c03 Sat, 05 Nov 2016 19:20:13 GMT   GET   /    1.066
e2798c7d-50ac-4df4-8157-501aa16c7fe1 Sat, 05 Nov 2016 19:20:14 GMT   GET   /    1.611
c392e638-59b5-4056-b1d6-705bb3792aab Sat, 05 Nov 2016 19:20:15 GMT   GET   /    1.324
75509d47-847b-4a79-a51b-425303d2dba4 Sat, 05 Nov 2016 19:20:15 GMT   GET   /    1.609
ec1b1d99-0a73-47a9-aa7c-2adf42943963 Sat, 05 Nov 2016 19:20:17 GMT   GET   /    40.076
b0772383-85fa-4508-a805-d659e96662c5 Sat, 05 Nov 2016 19:20:27 GMT   GET   /    18.918
08107335-5f68-4f31-b33a-96906388a12d Sat, 05 Nov 2016 19:21:15 GMT   GET   /    17.154
288ddb69-7db6-4828-92ab-3e1f912eae82 Sat, 05 Nov 2016 19:21:36 GMT   GET   /    19.527
d9718f88-fbe5-4885-8806-e391bf1c81df Sat, 05 Nov 2016 19:22:59 GMT   GET   /    19.843
e28ed5e5-42c4-46b2-b766-0322b77866ca Sat, 05 Nov 2016 19:23:45 GMT   GET   /    45.755
43d07240-e92e-4932-8c8b-f1ad73d86f10 Sat, 05 Nov 2016 19:39:34 GMT   GET   /    23.811
0aaf2a44-a723-4fb6-9495-6793166f6505 Sat, 05 Nov 2016 19:39:43 GMT   GET   /    7.957
f5d95373-de1c-4db3-8266-4aa23fce2bc8 Sat, 05 Nov 2016 19:39:59 GMT   GET   /    2.997
2af16e69-1789-40f1-861c-687e90d29a12 Sat, 05 Nov 2016 19:53:44 GMT   GET   /    50.868
88a9ded5-ef10-4b82-aed5-05e120bb2919 Sat, 05 Nov 2016 19:59:17 GMT   GET   /    14.281
5818ff82-7a90-4cb3-b8c7-e2706859dd83 Sat, 05 Nov 2016 19:59:18 GMT   GET   /partials/main    4.729
927df9fe-9ec7-4f81-88db-6998e9c696b1 Sat, 05 Nov 2016 20:00:36 GMT   GET   /    14.023
52032787-2085-4a1c-999e-0823e7864e4d Sat, 05 Nov 2016 20:00:37 GMT   GET   /partials/main    6.270
aca8bcfa-e2db-4780-b917-603c66c4f114 Sat, 05 Nov 2016 20:02:37 GMT   GET   /    13.400
e4e294cf-0404-4ca4-bab5-0d66309a4529 Sat, 05 Nov 2016 20:02:38 GMT   GET   /partials/main    5.708
c3822a58-06d5-458a-95c1-2ef1bfd9ff44 Sat, 05 Nov 2016 20:03:08 GMT   GET   //partials/main.ejs    1.439
77236d44-6cba-490e-8c81-bcb14467ddb3 Sat, 05 Nov 2016 20:03:14 GMT   GET   /partials/main.ejs    2.063
f4d58ef0-16de-4c59-8715-49d928bd572d Sat, 05 Nov 2016 20:03:30 GMT   GET   /partials/main    1.117
1a163a8c-28bf-45c4-b914-8e809c3c5465 Sat, 05 Nov 2016 20:04:17 GMT   GET   /partials/main    10.037
925a14b4-cfb5-43b3-8ac1-af1051747fc5 Sat, 05 Nov 2016 20:04:59 GMT   GET   /partials/main    14.452
