ca149708-6309-4887-84e2-ed471854d2df Sun, 02 Apr 2017 21:58:53 GMT   GET   /    180.565
889fde2f-2e3d-4327-9bd3-315b6629085b Sun, 02 Apr 2017 21:58:53 GMT   GET   /partials/main    6.501
a0bc3cbe-769c-45a4-961d-617811130dfc Sun, 02 Apr 2017 21:58:53 GMT   GET   /favicon.ico    2.988
d2f43946-afeb-438c-ac08-e87cd59d1756 Sun, 02 Apr 2017 22:10:07 GMT   GET   /css/bootstrap.css.map    0.324
342c0438-9ab3-4ed4-824a-7a0163071d76 Sun, 02 Apr 2017 22:10:11 GMT   GET   /    3.235
6ab647fa-ba05-4684-a52c-ab2e6bbfe8ee Sun, 02 Apr 2017 22:10:11 GMT   GET   /partials/main    1.799
9ebd8a22-1815-48b2-832f-1a950b7a5d5a Sun, 02 Apr 2017 22:10:11 GMT   GET   /css/bootstrap.css.map    0.270
9f23acf4-0497-4dc4-975d-487a33aac959 Mon, 03 Apr 2017 06:48:48 GMT   GET   /    184.867
be4e7f39-6cdc-49b6-b07f-c1436a418512 Mon, 03 Apr 2017 06:48:49 GMT   GET   /partials/main    7.223
5018c136-29bb-4b4d-9b05-92bc7acf3e6c Mon, 03 Apr 2017 06:49:01 GMT   GET   /    1.930
4e8b3047-30ae-47d2-857c-40f775d1c50c Mon, 03 Apr 2017 06:49:01 GMT   GET   /partials/main    2.553
c8abe68d-134c-4a19-83b6-01f8b3f00c32 Mon, 03 Apr 2017 06:51:06 GMT   GET   /    16.331
06ce1129-fca9-4c13-8599-797b8474871f Mon, 03 Apr 2017 06:51:06 GMT   GET   /partials/main    4.497
baf392c1-8ef3-4ee6-a392-911bfae733e4 Mon, 03 Apr 2017 06:51:10 GMT   GET   /    2.253
e21e833f-5b42-4ab4-a299-94816f7088d1 Mon, 03 Apr 2017 06:51:10 GMT   GET   /partials/main    2.706
4b7f2df4-b6e9-4fc2-8426-b0af069373fe Mon, 03 Apr 2017 06:51:11 GMT   GET   /    2.486
ef2fe448-380e-4c08-9266-a825100078cb Mon, 03 Apr 2017 06:51:11 GMT   GET   /partials/main    1.561
8cbb2f16-c903-4532-95c5-4bad002b50a3 Mon, 03 Apr 2017 06:51:12 GMT   GET   /    3.191
a52fd594-b6e0-4bc8-ad26-30ae91a0a2ad Mon, 03 Apr 2017 06:51:12 GMT   GET   /partials/main    2.432
91e7f7e0-638d-4a0c-a835-72cad85aaa9b Mon, 03 Apr 2017 06:51:12 GMT   GET   /    2.927
9a538f34-acee-4970-b53d-f2b893731fdb Mon, 03 Apr 2017 06:51:12 GMT   GET   /partials/main    1.309
