7b5ed009-1223-4fde-9630-213b1c53a451 Sun, 27 Nov 2016 20:01:24 GMT   GET   /    110.137
bd0f175e-fb9a-470c-a6bb-01d44583ba22 Sun, 27 Nov 2016 20:01:25 GMT   GET   /partials/main    11.093
1888f1fd-f465-4d1d-b2de-8ce302205a28 Sun, 27 Nov 2016 20:01:27 GMT   GET   /favicon.ico    31.033
06310a5e-dc3f-4f3a-822c-a41f040aac4e Sun, 27 Nov 2016 20:03:12 GMT   GET   /    6.558
1e3e2115-7e64-434f-a486-d9986e0bce4f Sun, 27 Nov 2016 20:03:14 GMT   GET   /partials/main    4.684
e9a35b50-30b7-4327-91b4-770948e8ae71 Sun, 27 Nov 2016 20:03:27 GMT   GET   /    3.202
ce570bc2-a05c-4180-9e6a-f861fc293c04 Sun, 27 Nov 2016 20:03:28 GMT   GET   /partials/main    1.403
d74ecbe4-cabb-423a-9596-92e8a7270698 Sun, 27 Nov 2016 20:11:50 GMT   GET   /    8.353
661a4586-11d7-4d26-81d1-35d6d930acae Sun, 27 Nov 2016 20:11:51 GMT   GET   /partials/main    0.927
455546e5-45c2-4557-8cd6-487ccb5e5a64 Sun, 27 Nov 2016 20:12:34 GMT   GET   /    1.601
3503b39d-86f0-4034-b418-45c694318d09 Sun, 27 Nov 2016 20:12:35 GMT   GET   /partials/main    1.091
67f3c9e7-2778-4d02-a4fc-1fbb9b6863e4 Sun, 27 Nov 2016 20:12:41 GMT   GET   /    5.715
3b89133d-cfe8-404e-829c-72b6904a1ae3 Sun, 27 Nov 2016 20:12:42 GMT   GET   /partials/main    0.837
7b666f43-c074-44b7-aaf0-dbe73266387b Sun, 27 Nov 2016 20:12:56 GMT   GET   /    24.625
608d2031-6bf7-4924-82d9-4ac79f593080 Sun, 27 Nov 2016 20:12:57 GMT   GET   /partials/main    2.896
ce928390-3f8d-4bf8-8be5-020294ed2d22 Sun, 27 Nov 2016 20:13:48 GMT   GET   /css/bootstrap.css.map    5.240
8a1b5cf7-32ba-4cdd-9074-c144dd50c4a4 Sun, 27 Nov 2016 20:15:03 GMT   GET   /    8.226
39fb4822-2ea7-42dc-99fe-8a9d1dbe492e Sun, 27 Nov 2016 20:15:05 GMT   GET   /partials/main    2.065
6b4c74e8-87a8-4fa2-9f6c-cf1a5041f3c4 Sun, 27 Nov 2016 20:15:05 GMT   GET   /css/bootstrap.css.map    0.583
5c2f12ed-0ef6-4e39-93fd-6902ecf39972 Sun, 27 Nov 2016 20:16:34 GMT   GET   /    5.579
c91b3df1-0c0d-4e1f-9743-297be6c6ba6e Sun, 27 Nov 2016 20:16:35 GMT   GET   /partials/main    1.886
fe165dec-3e7c-4290-a0eb-249f59a40e19 Sun, 27 Nov 2016 20:16:36 GMT   GET   /css/bootstrap.css.map    0.563
c663c81f-6b45-4b75-81e1-c9fb515cf4c5 Sun, 27 Nov 2016 20:17:02 GMT   GET   /    20.379
3e960dc9-1190-488f-a9ba-30a788e9ddff Sun, 27 Nov 2016 20:17:03 GMT   GET   /partials/main    3.907
d51f5cbf-756d-453b-856a-be1f9ee721ca Sun, 27 Nov 2016 20:17:03 GMT   GET   /css/bootstrap.css.map    2.808
