7193822c-7c36-4605-8bcd-6819e878ca8e Mon, 21 Nov 2016 19:09:28 GMT   GET   /    12.812
4d6bd0ef-44be-474d-9510-d9246cc5fdd6 Mon, 21 Nov 2016 19:09:29 GMT   GET   /partials/main    11.360
13747eb3-d9b3-405e-b428-d59c0a26be1d Mon, 21 Nov 2016 19:09:29 GMT   GET   /css/bootstrap.css.map    0.343
83fb214a-3310-4dc2-81a9-da2b69c0e15b Mon, 21 Nov 2016 19:09:30 GMT   GET   /    2.653
ca1e4c79-d10b-4774-9d9c-27fcb8d1d47f Mon, 21 Nov 2016 19:09:30 GMT   GET   /partials/main    5.380
9ba0d59c-9a27-416b-af56-1c5efb6f5514 Mon, 21 Nov 2016 19:09:30 GMT   GET   /css/bootstrap.css.map    0.249
ec8daea6-8f89-4b65-a1a8-25e0e28451d1 Mon, 21 Nov 2016 19:14:16 GMT   GET   /    19.823
676bfbf5-db11-4a13-ac14-236c2de882ee Mon, 21 Nov 2016 19:14:17 GMT   GET   /partials/main    5.656
05f38022-1225-4114-942a-9ccf20bbaf5d Mon, 21 Nov 2016 19:14:18 GMT   GET   /css/bootstrap.css.map    1.681
ed23653e-b180-458e-ace6-91e34b781dcf Mon, 21 Nov 2016 19:14:21 GMT   GET   /    1.757
7984a7ac-df93-4828-8601-146b6a0ed66c Mon, 21 Nov 2016 19:14:21 GMT   GET   /partials/main    0.878
0280ef69-2ee9-4d9f-be97-0211a7755476 Mon, 21 Nov 2016 19:14:21 GMT   GET   /css/bootstrap.css.map    0.350
2d667d00-7aa8-4126-8add-f2b84080493c Mon, 21 Nov 2016 19:15:04 GMT   GET   /    17.316
427d431f-3745-4687-837d-dd006254fcd3 Mon, 21 Nov 2016 19:15:05 GMT   GET   /partials/main    4.790
5562a57f-b344-47d1-82c0-aa527a8e0ddc Mon, 21 Nov 2016 19:15:05 GMT   GET   /css/bootstrap.css.map    1.173
629f9a56-eceb-4e07-a479-d7df43431b56 Mon, 21 Nov 2016 19:17:01 GMT   GET   /    11.148
b511f49e-ec55-4936-adbf-4e2b41d21a26 Mon, 21 Nov 2016 19:17:02 GMT   GET   /partials/main    2.568
54798adc-1fd2-49eb-bb77-59b762319e34 Mon, 21 Nov 2016 19:17:02 GMT   GET   /css/bootstrap.css.map    2.093
d5294631-ad02-46ee-920f-3d6fbe628ace Mon, 21 Nov 2016 19:17:04 GMT   GET   /    1.548
ffbfd639-30be-4820-ba93-4ffac4662946 Mon, 21 Nov 2016 19:17:05 GMT   GET   /partials/main    0.521
bb4442a2-2c73-40b8-afc2-9921b8b45ebd Mon, 21 Nov 2016 19:17:05 GMT   GET   /css/bootstrap.css.map    1.198
d5ecb52f-e85f-4c3e-a1e2-8ea01de89904 Mon, 21 Nov 2016 19:17:39 GMT   GET   /    13.058
62d75020-edb3-47cc-a6a1-04b9d61b49a3 Mon, 21 Nov 2016 19:17:40 GMT   GET   /partials/main    3.919
9906bce3-4966-49c5-b606-72dab06d986e Mon, 21 Nov 2016 19:17:40 GMT   GET   /css/bootstrap.css.map    2.159
ddf258bb-941a-474a-a3c8-44f29db0968a Mon, 21 Nov 2016 19:44:44 GMT   GET   /    18.018
3d19f803-19b2-4f7f-97b1-a2caf764f0bc Mon, 21 Nov 2016 19:44:45 GMT   GET   /partials/main    1.560
f041cba6-ed8c-4d22-8ef9-f76f8d7d7354 Mon, 21 Nov 2016 19:44:45 GMT   GET   /css/bootstrap.css.map    0.552
8c700449-eda2-439d-b227-159e0e0d9e4c Mon, 21 Nov 2016 19:44:58 GMT   GET   /    2.071
c4f4e73b-2f4b-4a94-a677-cd850af37d56 Mon, 21 Nov 2016 19:44:58 GMT   GET   /partials/main    1.150
1bd5c914-835b-4dcf-a6cd-e68d191a9f90 Mon, 21 Nov 2016 19:44:58 GMT   GET   /css/bootstrap.css.map    0.411
a43a2e92-0294-49df-84d7-60894aefe5d2 Mon, 21 Nov 2016 19:45:09 GMT   GET   /    1.779
c7f09fe0-1923-405e-a442-1f73a3fc8457 Mon, 21 Nov 2016 19:45:09 GMT   GET   /partials/main    1.635
abe3932f-51d2-4ea6-8043-4d0b5835dbe6 Mon, 21 Nov 2016 19:45:10 GMT   GET   /css/bootstrap.css.map    0.197
f95c4958-10bf-493d-83b8-04f051859b89 Mon, 21 Nov 2016 20:42:34 GMT   GET   /    13.554
662af3b5-5230-4660-86c2-e290de24d613 Mon, 21 Nov 2016 20:42:35 GMT   GET   /partials/main    3.448
f9cd402f-e188-4a42-9f6b-9500fb7fde9c Mon, 21 Nov 2016 20:42:36 GMT   GET   /css/bootstrap.css.map    1.846
